#
# A fatal error has been detected by the Java Runtime Environment:
#
#  Internal Error (safepoint.cpp:919), pid=21018, tid=36099
#  fatal error: Illegal threadstate encountered: 4
#
# JRE version: OpenJDK Runtime Environment Temurin-11.0.14.1+1 (11.0.14.1+1) (build 11.0.14.1+1)
# Java VM: OpenJDK 64-Bit Server VM Temurin-11.0.14.1+1 (11.0.14.1+1, mixed mode, tiered, compressed oops, g1 gc, bsd-amd64)
# No core dump will be written. Core dumps have been disabled. To enable core dumping, try "ulimit -c unlimited" before starting Java again
#
# If you would like to submit a bug report, please visit:
#   https://github.com/adoptium/adoptium-support/issues
# The crash happened outside the Java Virtual Machine in native code.
# See problematic frame for where to report the bug.
#

---------------  S U M M A R Y ------------

Command Line: -Dfile.encoding=UTF-8 it.polito.tdp.yelp.Main

Host: MacBookAir7,2 x86_64 1800 MHz, 4 cores, 8G, Darwin 21.4.0
Time: Sat May 28 14:39:15 2022 CEST elapsed time: 12.829429 seconds (0d 0h 0m 12s)

---------------  T H R E A D  ---------------

Current thread (0x00007f950e8ac000):  JavaThread "InvokeLaterDispatcher" daemon [_thread_in_native, id=36099, stack(0x000070000b44b000,0x000070000b54b000)]

Stack: [0x000070000b44b000,0x000070000b54b000],  sp=0x000070000b5492d0,  free space=1016k
Native frames: (J=compiled Java code, A=aot compiled Java code, j=interpreted, Vv=VM code, C=native code)
V  [libjvm.dylib+0x7c5ab3]  _ZN7VMError14report_and_dieEiPKcS1_P13__va_list_tagP6ThreadPhPvS7_S1_im+0x601
V  [libjvm.dylib+0x276985]  _Z12report_fatal11VMErrorTypePKciS1_z+0xc0
V  [libjvm.dylib+0x69bc15]  _ZN20SafepointSynchronize5blockEP10JavaThread+0x1d9
V  [libjvm.dylib+0x69d183]  _ZN18SafepointMechanism23block_if_requested_slowEP10JavaThread+0x1d
V  [libjvm.dylib+0x77e5c4]  _ZN10JavaThread44check_safepoint_and_suspend_for_native_transEPS_+0x9c
V  [libjvm.dylib+0x3f36ae]  jni_DeleteGlobalRef+0x93
C  [libglass.dylib+0x8871]  -[GlassRunnable dealloc]+0x31
C  [Foundation+0x81bee]  -[_NSThreadPerformInfo dealloc]+0x2a
C  [Foundation+0x4e496]  -[NSObject(NSThreadPerformAdditions) performSelectorOnMainThread:withObject:waitUntilDone:]+0x7c
j  com.sun.glass.ui.mac.MacApplication._submitForLaterInvocation(Ljava/lang/Runnable;)V+0
j  com.sun.glass.ui.mac.MacApplication.submitForLaterInvocation(Ljava/lang/Runnable;)V+2
j  com.sun.glass.ui.InvokeLaterDispatcher.run()V+82
v  ~StubRoutines::call_stub
V  [libjvm.dylib+0x3b7c22]  _ZN9JavaCalls11call_helperEP9JavaValueRK12methodHandleP17JavaCallArgumentsP6Thread+0x1fe
V  [libjvm.dylib+0x3b7088]  _ZN9JavaCalls12call_virtualEP9JavaValueP5KlassP6SymbolS5_P17JavaCallArgumentsP6Thread+0xee
V  [libjvm.dylib+0x3b7144]  _ZN9JavaCalls12call_virtualEP9JavaValue6HandleP5KlassP6SymbolS6_P6Thread+0x62
V  [libjvm.dylib+0x43dfce]  _ZL12thread_entryP10JavaThreadP6Thread+0x78
V  [libjvm.dylib+0x77d03c]  _ZN10JavaThread17thread_main_innerEv+0x82
V  [libjvm.dylib+0x77ce86]  _ZN10JavaThread3runEv+0x122
V  [libjvm.dylib+0x77ada0]  _ZN6Thread8call_runEv+0x68
V  [libjvm.dylib+0x6291d1]  _ZL19thread_native_entryP6Thread+0x139
C  [libsystem_pthread.dylib+0x64e1]  _pthread_start+0x7d
C  [libsystem_pthread.dylib+0x1f6b]  thread_start+0xf

Java frames: (J=compiled Java code, j=interpreted, Vv=VM code)
j  com.sun.glass.ui.mac.MacApplication._submitForLaterInvocation(Ljava/lang/Runnable;)V+0
j  com.sun.glass.ui.mac.MacApplication.submitForLaterInvocation(Ljava/lang/Runnable;)V+2
j  com.sun.glass.ui.InvokeLaterDispatcher.run()V+82
v  ~StubRoutines::call_stub

---------------  P R O C E S S  ---------------

Threads class SMR info:
_java_thread_list=0x0000600001b08920, length=18, elements={
0x00007f950f80f000, 0x00007f950f84a800, 0x00007f950e809000, 0x00007f950d81f800,
0x00007f950d820800, 0x00007f950f00e800, 0x00007f950f0bb800, 0x00007f950d831800,
0x00007f950d848000, 0x00007f950e8ae000, 0x00007f950e8f1000, 0x00007f950e8ac000,
0x00007f950e9db800, 0x00007f950f4d3800, 0x00007f950f538800, 0x00007f9513bdd800,
0x00007f95141c0000, 0x00007f95130a6800
}

Java Threads: ( => current thread )
  0x00007f950f80f000 JavaThread "main" [_thread_blocked, id=9987, stack(0x000070000a00c000,0x000070000a10c000)]
  0x00007f950f84a800 JavaThread "Reference Handler" daemon [_thread_blocked, id=18179, stack(0x000070000a721000,0x000070000a821000)]
  0x00007f950e809000 JavaThread "Finalizer" daemon [_thread_blocked, id=17923, stack(0x000070000a824000,0x000070000a924000)]
  0x00007f950d81f800 JavaThread "Signal Dispatcher" daemon [_thread_blocked, id=16131, stack(0x000070000aa2d000,0x000070000ab2d000)]
  0x00007f950d820800 JavaThread "Service Thread" daemon [_thread_blocked, id=43267, stack(0x000070000ab30000,0x000070000ac30000)]
  0x00007f950f00e800 JavaThread "C2 CompilerThread0" daemon [_thread_in_native, id=42755, stack(0x000070000ac33000,0x000070000ad33000)]
  0x00007f950f0bb800 JavaThread "C1 CompilerThread0" daemon [_thread_blocked, id=42243, stack(0x000070000ad36000,0x000070000ae36000)]
  0x00007f950d831800 JavaThread "Sweeper thread" daemon [_thread_blocked, id=41987, stack(0x000070000ae39000,0x000070000af39000)]
  0x00007f950d848000 JavaThread "Common-Cleaner" daemon [_thread_blocked, id=23555, stack(0x000070000b03f000,0x000070000b13f000)]
  0x00007f950e8ae000 JavaThread "JavaFX-Launcher" [_thread_blocked, id=24067, stack(0x000070000b142000,0x000070000b242000)]
  0x00007f950e8f1000 JavaThread "QuantumRenderer-0" daemon [_thread_blocked, id=40707, stack(0x000070000b245000,0x000070000b345000)]
=>0x00007f950e8ac000 JavaThread "InvokeLaterDispatcher" daemon [_thread_in_native, id=36099, stack(0x000070000b44b000,0x000070000b54b000)]
  0x00007f950e9db800 JavaThread "JavaFX Application Thread" [_thread_in_native_trans, id=259, stack(0x00007ff7b9e8b000,0x00007ff7ba68b000)]
  0x00007f950f4d3800 JavaThread "Thread-3" daemon [_thread_in_native, id=82695, stack(0x000070000b5d1000,0x000070000b651000)]
  0x00007f950f538800 JavaThread "HikariPool-1 housekeeper" daemon [_thread_blocked, id=75783, stack(0x000070000bae6000,0x000070000bbe6000)]
  0x00007f9513bdd800 JavaThread "Prism Font Disposer" daemon [_thread_blocked, id=55819, stack(0x000070000bcec000,0x000070000bdec000)]
  0x00007f95141c0000 JavaThread "Cleaner-0" daemon [_thread_blocked, id=62991, stack(0x000070000bdef000,0x000070000beef000)]
  0x00007f95130a6800 JavaThread "C2 CompilerThread1" daemon [_thread_in_native, id=74607, stack(0x000070000b348000,0x000070000b448000)]

Other Threads:
  0x00007f950f845000 VMThread "VM Thread" [stack: 0x000070000a61e000,0x000070000a71e000] [id=13059]
  0x00007f950e86b800 WatcherThread [stack: 0x000070000af3c000,0x000070000b03c000] [id=41475]
  0x00007f950f018800 GCTaskThread "GC Thread#0" [stack: 0x000070000a10f000,0x000070000a20f000] [id=11523]
  0x00007f950fd03800 GCTaskThread "GC Thread#1" [stack: 0x000070000b7dd000,0x000070000b8dd000] [id=52995]
  0x00007f950fd04800 GCTaskThread "GC Thread#2" [stack: 0x000070000b8e0000,0x000070000b9e0000] [id=53507]
  0x00007f950fd05000 GCTaskThread "GC Thread#3" [stack: 0x000070000b9e3000,0x000070000bae3000] [id=76035]
  0x00007f950f039800 ConcurrentGCThread "G1 Main Marker" [stack: 0x000070000a212000,0x000070000a312000] [id=12035]
  0x00007f950f03a000 ConcurrentGCThread "G1 Conc#0" [stack: 0x000070000a315000,0x000070000a415000] [id=19971]
  0x00007f950f08b000 ConcurrentGCThread "G1 Refine#0" [stack: 0x000070000a418000,0x000070000a518000] [id=19459]
  0x00007f950f08b800 ConcurrentGCThread "G1 Young RemSet Sampling" [stack: 0x000070000a51b000,0x000070000a61b000] [id=18947]

Threads with active compile tasks:
C2 CompilerThread0  12847 4004       4       javafx.scene.CssStyleHelper::getTransitionStates (144 bytes)
C2 CompilerThread1  12847 3945   !   4       javafx.scene.CssStyleHelper::transitionToState (1019 bytes)

VM state:not at safepoint (normal execution)

VM Mutex/Monitor currently owned by a thread: None

Heap address: 0x0000000780000000, size: 2048 MB, Compressed Oops mode: Zero based, Oop shift amount: 3
Narrow klass base: 0x0000000800000000, Narrow klass shift: 0
Compressed class space size: 1073741824 Address: 0x0000000800000000

Heap:
 garbage-first heap   total 131072K, used 40897K [0x0000000780000000, 0x0000000800000000)
  region size 1024K, 30 young (30720K), 5 survivors (5120K)
 Metaspace       used 29981K, capacity 31174K, committed 31360K, reserved 1077248K
  class space    used 3655K, capacity 4140K, committed 4224K, reserved 1048576K
Heap Regions: E=young(eden), S=young(survivor), O=old, HS=humongous(starts), HC=humongous(continues), CS=collection set, F=free, A=archive, TAMS=top-at-mark-start (previous, next)
|   0|0x0000000780000000, 0x0000000780100000, 0x0000000780100000|100%| O|  |TAMS 0x000000078007c200, 0x0000000780000000| Untracked 
|   1|0x0000000780100000, 0x0000000780200000, 0x0000000780200000|100%| O|  |TAMS 0x0000000780100000, 0x0000000780100000| Untracked 
|   2|0x0000000780200000, 0x0000000780300000, 0x0000000780300000|100%| O|  |TAMS 0x0000000780200000, 0x0000000780200000| Untracked 
|   3|0x0000000780300000, 0x0000000780400000, 0x0000000780400000|100%| O|  |TAMS 0x0000000780300000, 0x0000000780300000| Untracked 
|   4|0x0000000780400000, 0x0000000780500000, 0x0000000780500000|100%| O|  |TAMS 0x0000000780400000, 0x0000000780400000| Untracked 
|   5|0x0000000780500000, 0x0000000780600000, 0x0000000780600000|100%| O|  |TAMS 0x0000000780500000, 0x0000000780500000| Untracked 
|   6|0x0000000780600000, 0x0000000780700000, 0x0000000780700000|100%| O|  |TAMS 0x0000000780600000, 0x0000000780600000| Untracked 
|   7|0x0000000780700000, 0x0000000780800000, 0x0000000780800000|100%| O|  |TAMS 0x0000000780700000, 0x0000000780700000| Untracked 
|   8|0x0000000780800000, 0x0000000780900000, 0x0000000780900000|100%| O|  |TAMS 0x0000000780800000, 0x0000000780800000| Untracked 
|   9|0x0000000780900000, 0x00000007809f0600, 0x0000000780a00000| 93%| O|  |TAMS 0x0000000780900000, 0x0000000780900000| Untracked 
|  10|0x0000000780a00000, 0x0000000780b00000, 0x0000000780b00000|100%|HS|  |TAMS 0x0000000780a00000, 0x0000000780a00000| Complete 
|  11|0x0000000780b00000, 0x0000000780c00000, 0x0000000780c00000|100%|HC|  |TAMS 0x0000000780b00000, 0x0000000780b00000| Complete 
|  12|0x0000000780c00000, 0x0000000780c00000, 0x0000000780d00000|  0%| F|  |TAMS 0x0000000780c00000, 0x0000000780c00000| Untracked 
|  13|0x0000000780d00000, 0x0000000780d00000, 0x0000000780e00000|  0%| F|  |TAMS 0x0000000780d00000, 0x0000000780d00000| Untracked 
|  14|0x0000000780e00000, 0x0000000780e00000, 0x0000000780f00000|  0%| F|  |TAMS 0x0000000780e00000, 0x0000000780e00000| Untracked 
|  15|0x0000000780f00000, 0x0000000780f00000, 0x0000000781000000|  0%| F|  |TAMS 0x0000000780f00000, 0x0000000780f00000| Untracked 
|  16|0x0000000781000000, 0x0000000781000000, 0x0000000781100000|  0%| F|  |TAMS 0x0000000781000000, 0x0000000781000000| Untracked 
|  17|0x0000000781100000, 0x0000000781100000, 0x0000000781200000|  0%| F|  |TAMS 0x0000000781100000, 0x0000000781100000| Untracked 
|  18|0x0000000781200000, 0x0000000781200000, 0x0000000781300000|  0%| F|  |TAMS 0x0000000781200000, 0x0000000781200000| Untracked 
|  19|0x0000000781300000, 0x0000000781300000, 0x0000000781400000|  0%| F|  |TAMS 0x0000000781300000, 0x0000000781300000| Untracked 
|  20|0x0000000781400000, 0x0000000781400000, 0x0000000781500000|  0%| F|  |TAMS 0x0000000781400000, 0x0000000781400000| Untracked 
|  21|0x0000000781500000, 0x0000000781500000, 0x0000000781600000|  0%| F|  |TAMS 0x0000000781500000, 0x0000000781500000| Untracked 
|  22|0x0000000781600000, 0x0000000781600000, 0x0000000781700000|  0%| F|  |TAMS 0x0000000781600000, 0x0000000781600000| Untracked 
|  23|0x0000000781700000, 0x0000000781700000, 0x0000000781800000|  0%| F|  |TAMS 0x0000000781700000, 0x0000000781700000| Untracked 
|  24|0x0000000781800000, 0x0000000781800000, 0x0000000781900000|  0%| F|  |TAMS 0x0000000781800000, 0x0000000781800000| Untracked 
|  25|0x0000000781900000, 0x0000000781900000, 0x0000000781a00000|  0%| F|  |TAMS 0x0000000781900000, 0x0000000781900000| Untracked 
|  26|0x0000000781a00000, 0x0000000781a00000, 0x0000000781b00000|  0%| F|  |TAMS 0x0000000781a00000, 0x0000000781a00000| Untracked 
|  27|0x0000000781b00000, 0x0000000781b00000, 0x0000000781c00000|  0%| F|  |TAMS 0x0000000781b00000, 0x0000000781b00000| Untracked 
|  28|0x0000000781c00000, 0x0000000781c00000, 0x0000000781d00000|  0%| F|  |TAMS 0x0000000781c00000, 0x0000000781c00000| Untracked 
|  29|0x0000000781d00000, 0x0000000781d00000, 0x0000000781e00000|  0%| F|  |TAMS 0x0000000781d00000, 0x0000000781d00000| Untracked 
|  30|0x0000000781e00000, 0x0000000781e00000, 0x0000000781f00000|  0%| F|  |TAMS 0x0000000781e00000, 0x0000000781e00000| Untracked 
|  31|0x0000000781f00000, 0x0000000781f00000, 0x0000000782000000|  0%| F|  |TAMS 0x0000000781f00000, 0x0000000781f00000| Untracked 
|  32|0x0000000782000000, 0x0000000782000000, 0x0000000782100000|  0%| F|  |TAMS 0x0000000782000000, 0x0000000782000000| Untracked 
|  33|0x0000000782100000, 0x0000000782100000, 0x0000000782200000|  0%| F|  |TAMS 0x0000000782100000, 0x0000000782100000| Untracked 
|  34|0x0000000782200000, 0x0000000782200000, 0x0000000782300000|  0%| F|  |TAMS 0x0000000782200000, 0x0000000782200000| Untracked 
|  35|0x0000000782300000, 0x0000000782300000, 0x0000000782400000|  0%| F|  |TAMS 0x0000000782300000, 0x0000000782300000| Untracked 
|  36|0x0000000782400000, 0x0000000782400000, 0x0000000782500000|  0%| F|  |TAMS 0x0000000782400000, 0x0000000782400000| Untracked 
|  37|0x0000000782500000, 0x0000000782500000, 0x0000000782600000|  0%| F|  |TAMS 0x0000000782500000, 0x0000000782500000| Untracked 
|  38|0x0000000782600000, 0x0000000782600000, 0x0000000782700000|  0%| F|  |TAMS 0x0000000782600000, 0x0000000782600000| Untracked 
|  39|0x0000000782700000, 0x0000000782700000, 0x0000000782800000|  0%| F|  |TAMS 0x0000000782700000, 0x0000000782700000| Untracked 
|  40|0x0000000782800000, 0x0000000782800000, 0x0000000782900000|  0%| F|  |TAMS 0x0000000782800000, 0x0000000782800000| Untracked 
|  41|0x0000000782900000, 0x0000000782900000, 0x0000000782a00000|  0%| F|  |TAMS 0x0000000782900000, 0x0000000782900000| Untracked 
|  42|0x0000000782a00000, 0x0000000782a00000, 0x0000000782b00000|  0%| F|  |TAMS 0x0000000782a00000, 0x0000000782a00000| Untracked 
|  43|0x0000000782b00000, 0x0000000782b00000, 0x0000000782c00000|  0%| F|  |TAMS 0x0000000782b00000, 0x0000000782b00000| Untracked 
|  44|0x0000000782c00000, 0x0000000782c00000, 0x0000000782d00000|  0%| F|  |TAMS 0x0000000782c00000, 0x0000000782c00000| Untracked 
|  45|0x0000000782d00000, 0x0000000782d00000, 0x0000000782e00000|  0%| F|  |TAMS 0x0000000782d00000, 0x0000000782d00000| Untracked 
|  46|0x0000000782e00000, 0x0000000782e00000, 0x0000000782f00000|  0%| F|  |TAMS 0x0000000782e00000, 0x0000000782e00000| Untracked 
|  47|0x0000000782f00000, 0x0000000782f00000, 0x0000000783000000|  0%| F|  |TAMS 0x0000000782f00000, 0x0000000782f00000| Untracked 
|  48|0x0000000783000000, 0x0000000783000000, 0x0000000783100000|  0%| F|  |TAMS 0x0000000783000000, 0x0000000783000000| Untracked 
|  49|0x0000000783100000, 0x0000000783100000, 0x0000000783200000|  0%| F|  |TAMS 0x0000000783100000, 0x0000000783100000| Untracked 
|  50|0x0000000783200000, 0x0000000783200000, 0x0000000783300000|  0%| F|  |TAMS 0x0000000783200000, 0x0000000783200000| Untracked 
|  51|0x0000000783300000, 0x0000000783300000, 0x0000000783400000|  0%| F|  |TAMS 0x0000000783300000, 0x0000000783300000| Untracked 
|  52|0x0000000783400000, 0x0000000783400000, 0x0000000783500000|  0%| F|  |TAMS 0x0000000783400000, 0x0000000783400000| Untracked 
|  53|0x0000000783500000, 0x0000000783500000, 0x0000000783600000|  0%| F|  |TAMS 0x0000000783500000, 0x0000000783500000| Untracked 
|  54|0x0000000783600000, 0x0000000783600000, 0x0000000783700000|  0%| F|  |TAMS 0x0000000783600000, 0x0000000783600000| Untracked 
|  55|0x0000000783700000, 0x0000000783700000, 0x0000000783800000|  0%| F|  |TAMS 0x0000000783700000, 0x0000000783700000| Untracked 
|  56|0x0000000783800000, 0x0000000783800000, 0x0000000783900000|  0%| F|  |TAMS 0x0000000783800000, 0x0000000783800000| Untracked 
|  57|0x0000000783900000, 0x0000000783900000, 0x0000000783a00000|  0%| F|  |TAMS 0x0000000783900000, 0x0000000783900000| Untracked 
|  58|0x0000000783a00000, 0x0000000783a00000, 0x0000000783b00000|  0%| F|  |TAMS 0x0000000783a00000, 0x0000000783a00000| Untracked 
|  59|0x0000000783b00000, 0x0000000783b00000, 0x0000000783c00000|  0%| F|  |TAMS 0x0000000783b00000, 0x0000000783b00000| Untracked 
|  60|0x0000000783c00000, 0x0000000783c00000, 0x0000000783d00000|  0%| F|  |TAMS 0x0000000783c00000, 0x0000000783c00000| Untracked 
|  61|0x0000000783d00000, 0x0000000783d00000, 0x0000000783e00000|  0%| F|  |TAMS 0x0000000783d00000, 0x0000000783d00000| Untracked 
|  62|0x0000000783e00000, 0x0000000783e00000, 0x0000000783f00000|  0%| F|  |TAMS 0x0000000783e00000, 0x0000000783e00000| Untracked 
|  63|0x0000000783f00000, 0x0000000783f00000, 0x0000000784000000|  0%| F|  |TAMS 0x0000000783f00000, 0x0000000783f00000| Untracked 
|  64|0x0000000784000000, 0x0000000784000000, 0x0000000784100000|  0%| F|  |TAMS 0x0000000784000000, 0x0000000784000000| Untracked 
|  65|0x0000000784100000, 0x0000000784100000, 0x0000000784200000|  0%| F|  |TAMS 0x0000000784100000, 0x0000000784100000| Untracked 
|  66|0x0000000784200000, 0x0000000784200000, 0x0000000784300000|  0%| F|  |TAMS 0x0000000784200000, 0x0000000784200000| Untracked 
|  67|0x0000000784300000, 0x0000000784300000, 0x0000000784400000|  0%| F|  |TAMS 0x0000000784300000, 0x0000000784300000| Untracked 
|  68|0x0000000784400000, 0x0000000784400000, 0x0000000784500000|  0%| F|  |TAMS 0x0000000784400000, 0x0000000784400000| Untracked 
|  69|0x0000000784500000, 0x0000000784500000, 0x0000000784600000|  0%| F|  |TAMS 0x0000000784500000, 0x0000000784500000| Untracked 
|  70|0x0000000784600000, 0x0000000784600000, 0x0000000784700000|  0%| F|  |TAMS 0x0000000784600000, 0x0000000784600000| Untracked 
|  71|0x0000000784700000, 0x0000000784700000, 0x0000000784800000|  0%| F|  |TAMS 0x0000000784700000, 0x0000000784700000| Untracked 
|  72|0x0000000784800000, 0x0000000784800000, 0x0000000784900000|  0%| F|  |TAMS 0x0000000784800000, 0x0000000784800000| Untracked 
|  73|0x0000000784900000, 0x0000000784900000, 0x0000000784a00000|  0%| F|  |TAMS 0x0000000784900000, 0x0000000784900000| Untracked 
|  74|0x0000000784a00000, 0x0000000784a00000, 0x0000000784b00000|  0%| F|  |TAMS 0x0000000784a00000, 0x0000000784a00000| Untracked 
|  75|0x0000000784b00000, 0x0000000784b00000, 0x0000000784c00000|  0%| F|  |TAMS 0x0000000784b00000, 0x0000000784b00000| Untracked 
|  76|0x0000000784c00000, 0x0000000784c00000, 0x0000000784d00000|  0%| F|  |TAMS 0x0000000784c00000, 0x0000000784c00000| Untracked 
|  77|0x0000000784d00000, 0x0000000784d00000, 0x0000000784e00000|  0%| F|  |TAMS 0x0000000784d00000, 0x0000000784d00000| Untracked 
|  78|0x0000000784e00000, 0x0000000784e00000, 0x0000000784f00000|  0%| F|  |TAMS 0x0000000784e00000, 0x0000000784e00000| Untracked 
|  79|0x0000000784f00000, 0x0000000784f00000, 0x0000000785000000|  0%| F|  |TAMS 0x0000000784f00000, 0x0000000784f00000| Untracked 
|  80|0x0000000785000000, 0x0000000785000000, 0x0000000785100000|  0%| F|  |TAMS 0x0000000785000000, 0x0000000785000000| Untracked 
|  81|0x0000000785100000, 0x0000000785100000, 0x0000000785200000|  0%| F|  |TAMS 0x0000000785100000, 0x0000000785100000| Untracked 
|  82|0x0000000785200000, 0x0000000785200000, 0x0000000785300000|  0%| F|  |TAMS 0x0000000785200000, 0x0000000785200000| Untracked 
|  83|0x0000000785300000, 0x0000000785300000, 0x0000000785400000|  0%| F|  |TAMS 0x0000000785300000, 0x0000000785300000| Untracked 
|  84|0x0000000785400000, 0x0000000785400000, 0x0000000785500000|  0%| F|  |TAMS 0x0000000785400000, 0x0000000785400000| Untracked 
|  85|0x0000000785500000, 0x0000000785500000, 0x0000000785600000|  0%| F|  |TAMS 0x0000000785500000, 0x0000000785500000| Untracked 
|  86|0x0000000785600000, 0x0000000785600000, 0x0000000785700000|  0%| F|  |TAMS 0x0000000785600000, 0x0000000785600000| Untracked 
|  87|0x0000000785700000, 0x0000000785700000, 0x0000000785800000|  0%| F|  |TAMS 0x0000000785700000, 0x0000000785700000| Untracked 
|  88|0x0000000785800000, 0x0000000785800000, 0x0000000785900000|  0%| F|  |TAMS 0x0000000785800000, 0x0000000785800000| Untracked 
|  89|0x0000000785900000, 0x0000000785900000, 0x0000000785a00000|  0%| F|  |TAMS 0x0000000785900000, 0x0000000785900000| Untracked 
|  90|0x0000000785a00000, 0x0000000785b00000, 0x0000000785b00000|100%| S|CS|TAMS 0x0000000785a00000, 0x0000000785a00000| Complete 
|  91|0x0000000785b00000, 0x0000000785c00000, 0x0000000785c00000|100%| S|CS|TAMS 0x0000000785b00000, 0x0000000785b00000| Complete 
|  92|0x0000000785c00000, 0x0000000785d00000, 0x0000000785d00000|100%| S|CS|TAMS 0x0000000785c00000, 0x0000000785c00000| Complete 
|  93|0x0000000785d00000, 0x0000000785e00000, 0x0000000785e00000|100%| S|CS|TAMS 0x0000000785d00000, 0x0000000785d00000| Complete 
|  94|0x0000000785e00000, 0x0000000785f00000, 0x0000000785f00000|100%| S|CS|TAMS 0x0000000785e00000, 0x0000000785e00000| Complete 
|  95|0x0000000785f00000, 0x0000000785f00000, 0x0000000786000000|  0%| F|  |TAMS 0x0000000785f00000, 0x0000000785f00000| Untracked 
|  96|0x0000000786000000, 0x0000000786000000, 0x0000000786100000|  0%| F|  |TAMS 0x0000000786000000, 0x0000000786000000| Untracked 
|  97|0x0000000786100000, 0x0000000786100000, 0x0000000786200000|  0%| F|  |TAMS 0x0000000786100000, 0x0000000786100000| Untracked 
|  98|0x0000000786200000, 0x0000000786200000, 0x0000000786300000|  0%| F|  |TAMS 0x0000000786200000, 0x0000000786200000| Untracked 
|  99|0x0000000786300000, 0x0000000786300000, 0x0000000786400000|  0%| F|  |TAMS 0x0000000786300000, 0x0000000786300000| Untracked 
| 100|0x0000000786400000, 0x0000000786400000, 0x0000000786500000|  0%| F|  |TAMS 0x0000000786400000, 0x0000000786400000| Untracked 
| 101|0x0000000786500000, 0x0000000786500000, 0x0000000786600000|  0%| F|  |TAMS 0x0000000786500000, 0x0000000786500000| Untracked 
| 102|0x0000000786600000, 0x0000000786600000, 0x0000000786700000|  0%| F|  |TAMS 0x0000000786600000, 0x0000000786600000| Untracked 
| 103|0x0000000786700000, 0x00000007867f9218, 0x0000000786800000| 97%| E|  |TAMS 0x0000000786700000, 0x0000000786700000| Complete 
| 104|0x0000000786800000, 0x0000000786900000, 0x0000000786900000|100%| E|CS|TAMS 0x0000000786800000, 0x0000000786800000| Complete 
| 105|0x0000000786900000, 0x0000000786a00000, 0x0000000786a00000|100%| E|CS|TAMS 0x0000000786900000, 0x0000000786900000| Complete 
| 106|0x0000000786a00000, 0x0000000786b00000, 0x0000000786b00000|100%| E|CS|TAMS 0x0000000786a00000, 0x0000000786a00000| Complete 
| 107|0x0000000786b00000, 0x0000000786c00000, 0x0000000786c00000|100%| E|CS|TAMS 0x0000000786b00000, 0x0000000786b00000| Complete 
| 108|0x0000000786c00000, 0x0000000786d00000, 0x0000000786d00000|100%| E|CS|TAMS 0x0000000786c00000, 0x0000000786c00000| Complete 
| 109|0x0000000786d00000, 0x0000000786e00000, 0x0000000786e00000|100%| E|CS|TAMS 0x0000000786d00000, 0x0000000786d00000| Complete 
| 110|0x0000000786e00000, 0x0000000786f00000, 0x0000000786f00000|100%| E|CS|TAMS 0x0000000786e00000, 0x0000000786e00000| Complete 
| 111|0x0000000786f00000, 0x0000000787000000, 0x0000000787000000|100%| E|CS|TAMS 0x0000000786f00000, 0x0000000786f00000| Complete 
| 112|0x0000000787000000, 0x0000000787100000, 0x0000000787100000|100%| E|CS|TAMS 0x0000000787000000, 0x0000000787000000| Complete 
| 113|0x0000000787100000, 0x0000000787200000, 0x0000000787200000|100%| E|  |TAMS 0x0000000787100000, 0x0000000787100000| Complete 
| 114|0x0000000787200000, 0x0000000787300000, 0x0000000787300000|100%| E|CS|TAMS 0x0000000787200000, 0x0000000787200000| Complete 
| 115|0x0000000787300000, 0x0000000787400000, 0x0000000787400000|100%| E|CS|TAMS 0x0000000787300000, 0x0000000787300000| Complete 
| 116|0x0000000787400000, 0x0000000787500000, 0x0000000787500000|100%| E|CS|TAMS 0x0000000787400000, 0x0000000787400000| Complete 
| 117|0x0000000787500000, 0x0000000787600000, 0x0000000787600000|100%| E|CS|TAMS 0x0000000787500000, 0x0000000787500000| Complete 
| 118|0x0000000787600000, 0x0000000787700000, 0x0000000787700000|100%| E|CS|TAMS 0x0000000787600000, 0x0000000787600000| Complete 
| 119|0x0000000787700000, 0x0000000787800000, 0x0000000787800000|100%| E|CS|TAMS 0x0000000787700000, 0x0000000787700000| Complete 
| 120|0x0000000787800000, 0x0000000787900000, 0x0000000787900000|100%| E|CS|TAMS 0x0000000787800000, 0x0000000787800000| Complete 
| 121|0x0000000787900000, 0x0000000787a00000, 0x0000000787a00000|100%| E|CS|TAMS 0x0000000787900000, 0x0000000787900000| Complete 
| 122|0x0000000787a00000, 0x0000000787b00000, 0x0000000787b00000|100%| E|CS|TAMS 0x0000000787a00000, 0x0000000787a00000| Complete 
| 123|0x0000000787b00000, 0x0000000787c00000, 0x0000000787c00000|100%| E|CS|TAMS 0x0000000787b00000, 0x0000000787b00000| Complete 
| 124|0x0000000787c00000, 0x0000000787d00000, 0x0000000787d00000|100%| E|CS|TAMS 0x0000000787c00000, 0x0000000787c00000| Complete 
| 125|0x0000000787d00000, 0x0000000787e00000, 0x0000000787e00000|100%| E|CS|TAMS 0x0000000787d00000, 0x0000000787d00000| Complete 
| 126|0x0000000787e00000, 0x0000000787f00000, 0x0000000787f00000|100%| E|CS|TAMS 0x0000000787e00000, 0x0000000787e00000| Complete 
| 127|0x0000000787f00000, 0x0000000788000000, 0x0000000788000000|100%| E|CS|TAMS 0x0000000787f00000, 0x0000000787f00000| Complete 

Card table byte_map: [0x0000000106043000,0x0000000106443000] _byte_map_base: 0x0000000102443000

Marking Bits (Prev, Next): (CMBitMap*) 0x00007f950f030a50, (CMBitMap*) 0x00007f950f030a18
 Prev Bits: [0x0000000112076000, 0x0000000114076000)
 Next Bits: [0x0000000110076000, 0x0000000112076000)

Polling page: 0x00000001059b4000

Metaspace:

Usage:
  Non-class:     26.40 MB capacity,    25.71 MB ( 97%) used,   569.55 KB (  2%) free+waste,   138.44 KB ( <1%) overhead. 
      Class:      4.04 MB capacity,     3.57 MB ( 88%) used,   415.16 KB ( 10%) free+waste,    69.31 KB (  2%) overhead. 
       Both:     30.44 MB capacity,    29.28 MB ( 96%) used,   984.72 KB (  3%) free+waste,   207.75 KB ( <1%) overhead. 

Virtual space:
  Non-class space:       28.00 MB reserved,      26.50 MB ( 95%) committed 
      Class space:        1.00 GB reserved,       4.12 MB ( <1%) committed 
             Both:        1.03 GB reserved,      30.62 MB (  3%) committed 

Chunk freelists:
   Non-Class:  90.00 KB
       Class:  0 bytes
        Both:  90.00 KB

MaxMetaspaceSize: unlimited
CompressedClassSpaceSize: 1.00 GB
Initial GC threshold: 20.80 MB
Current GC threshold: 35.00 MB
CDS: off

CodeHeap 'non-profiled nmethods': size=120032Kb used=1996Kb max_used=1996Kb free=118035Kb
 bounds [0x000000011d1c3000, 0x000000011d433000, 0x00000001246fb000]
CodeHeap 'profiled nmethods': size=120032Kb used=8337Kb max_used=8337Kb free=111694Kb
 bounds [0x0000000115c8b000, 0x00000001164bb000, 0x000000011d1c3000]
CodeHeap 'non-nmethods': size=5696Kb used=1469Kb max_used=1510Kb free=4226Kb
 bounds [0x00000001156fb000, 0x000000011596b000, 0x0000000115c8b000]
 total_blobs=4848 nmethods=4031 adapters=730
 compilation: enabled
              stopped_count=0, restarted_count=0
 full_count=0

Compilation events (20 events):
Event: 12.815 Thread 0x00007f950f0bb800 nmethod 4034 0x00000001164a4590 code [0x00000001164a4740, 0x00000001164a4930]
Event: 12.815 Thread 0x00007f950f0bb800 4035       3       com.sun.javafx.event.BasicEventDispatcher::dispatchCapturingEvent (2 bytes)
Event: 12.815 Thread 0x00007f950f0bb800 nmethod 4035 0x00000001164a4a10 code [0x00000001164a4bc0, 0x00000001164a4cb0]
Event: 12.817 Thread 0x00007f950f00e800 nmethod 4003 0x000000011d3b4e90 code [0x000000011d3b5060, 0x000000011d3b5458]
Event: 12.817 Thread 0x00007f950f00e800 4029       4       java.lang.String::isLatin1 (19 bytes)
Event: 12.817 Thread 0x00007f950f0bb800 4036       3       javafx.scene.layout.Pane::getChildren (5 bytes)
Event: 12.817 Thread 0x00007f950f0bb800 nmethod 4036 0x00000001164a4d90 code [0x00000001164a4f40, 0x00000001164a5050]
Event: 12.817 Thread 0x00007f950f00e800 nmethod 4029 0x000000011d3b5790 code [0x000000011d3b5920, 0x000000011d3b5998]
Event: 12.817 Thread 0x00007f950f0bb800 4037       3       javafx.scene.control.Labeled$StyleableProperties$4::getStyleableProperty (9 bytes)
Event: 12.817 Thread 0x00007f950f00e800 4004       4       javafx.scene.CssStyleHelper::getTransitionStates (144 bytes)
Event: 12.818 Thread 0x00007f950f0bb800 nmethod 4037 0x00000001164a5110 code [0x00000001164a5320, 0x00000001164a59e0]
Event: 12.818 Thread 0x00007f950f0bb800 4038       3       javafx.scene.control.Labeled$StyleableProperties$4::getStyleableProperty (8 bytes)
Event: 12.818 Thread 0x00007f950f0bb800 nmethod 4038 0x00000001164a5c10 code [0x00000001164a5e00, 0x00000001164a6340]
Event: 12.818 Thread 0x00007f950f0bb800 4039       3       com.sun.javafx.scene.NodeHelper::layoutBoundsChanged (10 bytes)
Event: 12.819 Thread 0x00007f950f0bb800 nmethod 4039 0x00000001164a6510 code [0x00000001164a66e0, 0x00000001164a68a0]
Event: 12.819 Thread 0x00007f950f0bb800 4042       3       javafx.scene.layout.BackgroundConverter::convert (574 bytes)
Event: 12.823 Thread 0x00007f950f0bb800 nmethod 4042 0x00000001164a6a10 code [0x00000001164a6de0, 0x00000001164a9460]
Event: 12.823 Thread 0x00007f950f0bb800 4043       3       javafx.scene.layout.Background::<init> (498 bytes)
Event: 12.826 Thread 0x00007f950f0bb800 nmethod 4043 0x00000001164a9e90 code [0x00000001164aa200, 0x00000001164abc10]
Event: 12.826 Thread 0x00007f950f0bb800 4044       3       javafx.scene.layout.GridPane::getNodeColumnIndex (18 bytes)

GC Heap History (6 events):
Event: 1.305 GC heap before
{Heap before GC invocations=0 (full 0):
 garbage-first heap   total 131072K, used 13312K [0x0000000780000000, 0x0000000800000000)
  region size 1024K, 14 young (14336K), 0 survivors (0K)
 Metaspace       used 10224K, capacity 10501K, committed 10752K, reserved 1058816K
  class space    used 1020K, capacity 1166K, committed 1280K, reserved 1048576K
}
Event: 1.321 GC heap after
{Heap after GC invocations=1 (full 0):
 garbage-first heap   total 131072K, used 2544K [0x0000000780000000, 0x0000000800000000)
  region size 1024K, 2 young (2048K), 2 survivors (2048K)
 Metaspace       used 10224K, capacity 10501K, committed 10752K, reserved 1058816K
  class space    used 1020K, capacity 1166K, committed 1280K, reserved 1048576K
}
Event: 2.854 GC heap before
{Heap before GC invocations=1 (full 0):
 garbage-first heap   total 131072K, used 26096K [0x0000000780000000, 0x0000000800000000)
  region size 1024K, 26 young (26624K), 2 survivors (2048K)
 Metaspace       used 20517K, capacity 21061K, committed 21248K, reserved 1069056K
  class space    used 2272K, capacity 2518K, committed 2560K, reserved 1048576K
}
Event: 2.880 GC heap after
{Heap after GC invocations=2 (full 0):
 garbage-first heap   total 131072K, used 7034K [0x0000000780000000, 0x0000000800000000)
  region size 1024K, 7 young (7168K), 7 survivors (7168K)
 Metaspace       used 20517K, capacity 21061K, committed 21248K, reserved 1069056K
  class space    used 2272K, capacity 2518K, committed 2560K, reserved 1048576K
}
Event: 4.082 GC heap before
{Heap before GC invocations=3 (full 0):
 garbage-first heap   total 131072K, used 32634K [0x0000000780000000, 0x0000000800000000)
  region size 1024K, 33 young (33792K), 7 survivors (7168K)
 Metaspace       used 24004K, capacity 24697K, committed 24960K, reserved 1071104K
  class space    used 2843K, capacity 3155K, committed 3200K, reserved 1048576K
}
Event: 4.115 GC heap after
{Heap after GC invocations=4 (full 0):
 garbage-first heap   total 131072K, used 15297K [0x0000000780000000, 0x0000000800000000)
  region size 1024K, 5 young (5120K), 5 survivors (5120K)
 Metaspace       used 24004K, capacity 24697K, committed 24960K, reserved 1071104K
  class space    used 2843K, capacity 3155K, committed 3200K, reserved 1048576K
}

Deoptimization events (20 events):
Event: 12.138 Thread 0x00007f950e9db800 DEOPT PACKING pc=0x000000011d39f140 sp=0x00007ff7ba684510
Event: 12.138 Thread 0x00007f950e9db800 DEOPT UNPACKING pc=0x0000000115744ea5 sp=0x00007ff7ba684498 mode 2
Event: 12.138 Thread 0x00007f950e9db800 Uncommon trap: trap_request=0xffffffbe fr.pc=0x000000011d39f140 relative=0x0000000000004cc0
Event: 12.138 Thread 0x00007f950e9db800 Uncommon trap: reason=profile_predicate action=maybe_recompile pc=0x000000011d39f140 method=javafx.scene.CssStyleHelper.transitionToState(Ljavafx/scene/Node;)V @ 286 c2
Event: 12.138 Thread 0x00007f950e9db800 DEOPT PACKING pc=0x000000011d39f140 sp=0x00007ff7ba6841a0
Event: 12.138 Thread 0x00007f950e9db800 DEOPT UNPACKING pc=0x0000000115744ea5 sp=0x00007ff7ba684128 mode 2
Event: 12.138 Thread 0x00007f950e9db800 Uncommon trap: trap_request=0xffffffbe fr.pc=0x000000011d39f140 relative=0x0000000000004cc0
Event: 12.138 Thread 0x00007f950e9db800 Uncommon trap: reason=profile_predicate action=maybe_recompile pc=0x000000011d39f140 method=javafx.scene.CssStyleHelper.transitionToState(Ljavafx/scene/Node;)V @ 286 c2
Event: 12.138 Thread 0x00007f950e9db800 DEOPT PACKING pc=0x000000011d39f140 sp=0x00007ff7ba683d60
Event: 12.138 Thread 0x00007f950e9db800 DEOPT UNPACKING pc=0x0000000115744ea5 sp=0x00007ff7ba683ce8 mode 2
Event: 12.138 Thread 0x00007f950e9db800 Uncommon trap: trap_request=0xffffffbe fr.pc=0x000000011d39f140 relative=0x0000000000004cc0
Event: 12.138 Thread 0x00007f950e9db800 Uncommon trap: reason=profile_predicate action=maybe_recompile pc=0x000000011d39f140 method=javafx.scene.CssStyleHelper.transitionToState(Ljavafx/scene/Node;)V @ 286 c2
Event: 12.138 Thread 0x00007f950e9db800 DEOPT PACKING pc=0x000000011d39f140 sp=0x00007ff7ba683d60
Event: 12.138 Thread 0x00007f950e9db800 DEOPT UNPACKING pc=0x0000000115744ea5 sp=0x00007ff7ba683ce8 mode 2
Event: 12.786 Thread 0x00007f950e9db800 DEOPT PACKING pc=0x000000011607706e sp=0x00007ff7ba683740
Event: 12.786 Thread 0x00007f950e9db800 DEOPT UNPACKING pc=0x000000011574564a sp=0x00007ff7ba682c38 mode 0
Event: 12.822 Thread 0x00007f950e9db800 Uncommon trap: trap_request=0xfffffff4 fr.pc=0x000000011d36c00c relative=0x00000000000000cc
Event: 12.822 Thread 0x00007f950e9db800 Uncommon trap: reason=null_check action=make_not_entrant pc=0x000000011d36c00c method=javafx.scene.Node$MiscProperties.getClip()Ljavafx/scene/Node; @ 20 c2
Event: 12.822 Thread 0x00007f950e9db800 DEOPT PACKING pc=0x000000011d36c00c sp=0x00007ff7ba684560
Event: 12.822 Thread 0x00007f950e9db800 DEOPT UNPACKING pc=0x0000000115744ea5 sp=0x00007ff7ba6844b0 mode 2

Classes redefined (0 events):
No events

Internal exceptions (20 events):
Event: 2.662 Thread 0x00007f950e9db800 Exception <a 'java/lang/NoClassDefFoundError'{0x0000000786868938}: com/sun/jna/Platform> (0x0000000786868938) thrown at [./src/hotspot/share/classfile/systemDictionary.cpp, line 219]
Event: 2.794 Thread 0x00007f950e9db800 Implicit null exception at 0x000000011d235678 to 0x000000011d235706
Event: 3.295 Thread 0x00007f950e9db800 Implicit null exception at 0x000000011d234515 to 0x000000011d234710
Event: 3.639 Thread 0x00007f950e9db800 Exception <a 'java/io/FileNotFoundException'{0x0000000786cece38}> (0x0000000786cece38) thrown at [./src/hotspot/share/prims/jni.cpp, line 616]
Event: 3.923 Thread 0x00007f950e9db800 Exception <a 'java/lang/NoSuchMethodError'{0x0000000786afe4e8}: 'java.lang.Object java.lang.invoke.Invokers$Holder.linkToTargetMethod(java.lang.Object, int, java.lang.Object)'> (0x0000000786afe4e8) thrown at [./src/hotspot/share/interpreter/linkResolver.cpp, line 773]
Event: 3.929 Thread 0x00007f950e9db800 Implicit null exception at 0x000000011d2610f5 to 0x000000011d2611cc
Event: 3.947 Thread 0x00007f950e9db800 Exception <a 'java/lang/NoSuchMethodError'{0x0000000786999020}: 'java.lang.Object java.lang.invoke.DirectMethodHandle$Holder.invokeInterface(java.lang.Object, java.lang.Object, java.lang.Object)'> (0x0000000786999020) thrown at [./src/hotspot/share/interpreter/linkResolver.cpp, line 773]
Event: 3.947 Thread 0x00007f950e9db800 Exception <a 'java/lang/IncompatibleClassChangeError'{0x000000078699c1d8}: Found class java.lang.Object, but interface was expected> (0x000000078699c1d8) thrown at [./src/hotspot/share/interpreter/linkResolver.cpp, line 839]
Event: 4.239 Thread 0x00007f950e9db800 Exception <a 'java/lang/NoSuchMethodError'{0x0000000787b609d8}: 'void java.lang.invoke.DirectMethodHandle$Holder.invokeSpecialIFC(java.lang.Object, java.lang.Object, java.lang.Object, java.lang.Object)'> (0x0000000787b609d8) thrown at [./src/hotspot/share/interpreter/linkResolver.cpp, line 773]
Event: 4.489 Thread 0x00007f950e9db800 Exception <a 'java/lang/NoSuchMethodError'{0x00000007875ec928}: 'java.lang.Object java.lang.invoke.Invokers$Holder.linkToTargetMethod(java.lang.Object, int, int, java.lang.Object)'> (0x00000007875ec928) thrown at [./src/hotspot/share/interpreter/linkResolver.cpp, line 773]
Event: 4.641 Thread 0x00007f950e8f1000 Exception <a 'java/lang/NoSuchMethodError'{0x0000000787359b10}: 'int java.lang.invoke.DirectMethodHandle$Holder.invokeStaticInit(java.lang.Object, java.lang.Object)'> (0x0000000787359b10) thrown at [./src/hotspot/share/interpreter/linkResolver.cpp, line 773]
Event: 4.839 Thread 0x00007f950e9db800 Exception <a 'java/lang/NoSuchMethodError'{0x0000000787230ce8}: 'java.lang.Object java.lang.invoke.DirectMethodHandle$Holder.invokeStatic(java.lang.Object, java.lang.Object, long, int, int, int)'> (0x0000000787230ce8) thrown at [./src/hotspot/share/interpreter/linkResolver.cpp, line 773]
Event: 4.841 Thread 0x00007f950e9db800 Exception <a 'java/lang/NoSuchMethodError'{0x0000000787244950}: 'java.lang.Object java.lang.invoke.DirectMethodHandle$Holder.invokeStatic(java.lang.Object, java.lang.Object, int, java.lang.Object, long, int, int, int, int)'> (0x0000000787244950) thrown at [./src/hotspot/share/interpreter/linkResolver.cpp, line 773]
Event: 5.398 Thread 0x00007f950e9db800 Exception <a 'java/lang/NoSuchMethodError'{0x000000078726a468}: 'java.lang.Object java.lang.invoke.DirectMethodHandle$Holder.invokeStatic(java.lang.Object, java.lang.Object, int, java.lang.Object, double, double, double, double, double, double, int, int, int, int, int, int, int, int)'> (0x000000078726a468) thrown at [./src/hotspot/share/interpreter/linkResolver.cpp, line 773]
Event: 8.556 Thread 0x00007f950e9db800 Exception <a 'java/lang/NoSuchMethodError'{0x0000000786b13fe8}: 'long java.lang.invoke.DirectMethodHandle$Holder.invokeStaticInit(java.lang.Object, java.lang.Object, java.lang.Object)'> (0x0000000786b13fe8) thrown at [./src/hotspot/share/interpreter/linkResolver.cpp, line 773]
Event: 8.557 Thread 0x00007f950e9db800 Exception <a 'java/lang/NoSuchMethodError'{0x0000000786b26a88}: 'java.lang.Object java.lang.invoke.DirectMethodHandle$Holder.invokeSpecial(java.lang.Object, java.lang.Object, long)'> (0x0000000786b26a88) thrown at [./src/hotspot/share/interpreter/linkResolver.cpp, line 773]
Event: 8.584 Thread 0x00007f950e8f1000 Exception <a 'java/lang/NoSuchMethodError'{0x0000000786fb6fd0}: 'java.lang.Object java.lang.invoke.DirectMethodHandle$Holder.invokeStaticInit(java.lang.Object, int)'> (0x0000000786fb6fd0) thrown at [./src/hotspot/share/interpreter/linkResolver.cpp, line 773]
Event: 11.906 Thread 0x00007f950e9db800 Implicit null exception at 0x000000011d37afa2 to 0x000000011d37b9c0
Event: 11.929 Thread 0x00007f950e9db800 Implicit null exception at 0x000000011d2d12fe to 0x000000011d2d39c0
Event: 12.822 Thread 0x00007f950e9db800 Implicit null exception at 0x000000011d36bfae to 0x000000011d36c000

Events (20 events):
Event: 10.414 Thread 0x00007f9512c3d800 Thread exited: 0x00007f9512c3d800
Event: 11.160 Thread 0x00007f95130a6800 Thread added: 0x00007f95130a6800
Event: 11.160 Protecting memory [0x000070000b348000,0x000070000b34c000] with protection modes 0
Event: 11.897 loading class javafx/scene/input/MouseEvent$1
Event: 11.897 loading class javafx/scene/input/MouseEvent$1 done
Event: 11.899 loading class com/sun/javafx/scene/control/ReadOnlyUnbackedObservableList$SelectionListIterator
Event: 11.899 loading class com/sun/javafx/scene/control/ReadOnlyUnbackedObservableList$SelectionListIterator done
Event: 11.917 loading class com/sun/javafx/tk/quantum/GlassScene
Event: 11.917 loading class com/sun/javafx/tk/quantum/GlassScene done
Event: 11.917 loading class com/sun/javafx/tk/quantum/WindowStage
Event: 11.917 loading class com/sun/javafx/tk/quantum/WindowStage done
Event: 11.919 loading class com/sun/prism/GraphicsResource
Event: 11.919 loading class com/sun/prism/GraphicsResource done
Event: 11.919 loading class com/sun/prism/GraphicsResource
Event: 11.919 loading class com/sun/prism/GraphicsResource done
Event: 11.919 loading class com/sun/javafx/tk/quantum/ViewScene
Event: 11.919 loading class com/sun/javafx/tk/quantum/ViewScene done
Event: 11.920 loading class com/sun/javafx/tk/quantum/WindowStage
Event: 11.920 loading class com/sun/javafx/tk/quantum/WindowStage done
Event: 12.827 Executing VM operation: RevokeBias


Dynamic libraries:
0x0000000105995000 	/Library/Java/JavaVirtualMachines/temurin-11.jdk/Contents/Home/lib/jli/libjli.dylib
0x00007ff833a5a000 	/System/Library/Frameworks/Cocoa.framework/Versions/A/Cocoa
0x00007ff81f6d7000 	/System/Library/Frameworks/AppKit.framework/Versions/C/AppKit
0x00007ff822be2000 	/System/Library/Frameworks/CoreData.framework/Versions/A/CoreData
0x00007ff81dae3000 	/System/Library/Frameworks/Foundation.framework/Versions/C/Foundation
0x00007ff827a03000 	/usr/lib/libSystem.B.dylib
0x00007ff820565000 	/System/Library/PrivateFrameworks/UIFoundation.framework/Versions/A/UIFoundation
0x00007ff82d964000 	/System/Library/PrivateFrameworks/RemoteViewServices.framework/Versions/A/RemoteViewServices
0x00007ff825c4e000 	/System/Library/PrivateFrameworks/XCTTargetBootstrap.framework/Versions/A/XCTTargetBootstrap
0x00007ff82980a000 	/System/Library/PrivateFrameworks/InternationalSupport.framework/Versions/A/InternationalSupport
0x00007ff829894000 	/System/Library/PrivateFrameworks/UserActivity.framework/Versions/A/UserActivity
0x00007ff828bea000 	/usr/lib/libspindump.dylib
0x00007ff8207f3000 	/System/Library/Frameworks/UniformTypeIdentifiers.framework/Versions/A/UniformTypeIdentifiers
0x00007ff824377000 	/usr/lib/libapp_launch_measurement.dylib
0x00007ff8235b2000 	/System/Library/PrivateFrameworks/CoreAnalytics.framework/Versions/A/CoreAnalytics
0x00007ff82437a000 	/System/Library/PrivateFrameworks/CoreAutoLayout.framework/Versions/A/CoreAutoLayout
0x00007ff8255a8000 	/System/Library/Frameworks/Metal.framework/Versions/A/Metal
0x00007ff8262d4000 	/usr/lib/liblangid.dylib
0x00007ff825c53000 	/System/Library/PrivateFrameworks/CoreSVG.framework/Versions/A/CoreSVG
0x00007ff821bda000 	/System/Library/PrivateFrameworks/SkyLight.framework/Versions/A/SkyLight
0x00007ff821f78000 	/System/Library/Frameworks/CoreGraphics.framework/Versions/A/CoreGraphics
0x00007ff82e024000 	/System/Library/Frameworks/Accelerate.framework/Versions/A/Accelerate
0x00007ff828669000 	/System/Library/PrivateFrameworks/IconServices.framework/Versions/A/IconServices
0x00007ff82558d000 	/System/Library/Frameworks/IOSurface.framework/Versions/A/IOSurface
0x00007ff8235e0000 	/usr/lib/libDiagnosticMessagesClient.dylib
0x00007ff827923000 	/usr/lib/libz.1.dylib
0x00007ff831707000 	/System/Library/Frameworks/ApplicationServices.framework/Versions/A/ApplicationServices
0x00007ff825c3a000 	/System/Library/PrivateFrameworks/DFRFoundation.framework/Versions/A/DFRFoundation
0x00007ff81efbf000 	/usr/lib/libicucore.A.dylib
0x00007ff82a5ff000 	/System/Library/Frameworks/AudioToolbox.framework/Versions/A/AudioToolbox
0x00007ff829816000 	/System/Library/PrivateFrameworks/DataDetectorsCore.framework/Versions/A/DataDetectorsCore
0x00007ff9257a3000 	/System/Library/PrivateFrameworks/TextInput.framework/Versions/A/TextInput
0x00007ff821b5d000 	/usr/lib/libMobileGestalt.dylib
0x00007ff825946000 	/System/Library/Frameworks/Carbon.framework/Versions/A/Frameworks/HIToolbox.framework/Versions/A/HIToolbox
0x00007ff823d7d000 	/System/Library/Frameworks/QuartzCore.framework/Versions/A/QuartzCore
0x00007ff81ec66000 	/System/Library/Frameworks/Security.framework/Versions/A/Security
0x00007ff82d99c000 	/System/Library/Frameworks/Carbon.framework/Versions/A/Frameworks/SpeechRecognition.framework/Versions/A/SpeechRecognition
0x00007ff8240d7000 	/System/Library/PrivateFrameworks/CoreUI.framework/Versions/A/CoreUI
0x00007ff81e532000 	/System/Library/Frameworks/CoreAudio.framework/Versions/A/CoreAudio
0x00007ff8236cf000 	/System/Library/Frameworks/DiskArbitration.framework/Versions/A/DiskArbitration
0x00007ff828fd8000 	/System/Library/PrivateFrameworks/MultitouchSupport.framework/Versions/A/MultitouchSupport
0x00007ff821b5c000 	/usr/lib/libenergytrace.dylib
0x00007ff81f5c3000 	/System/Library/Frameworks/IOKit.framework/Versions/A/IOKit
0x00007ff82dd8c000 	/System/Library/Frameworks/CoreServices.framework/Versions/A/CoreServices
0x00007ff824311000 	/System/Library/PrivateFrameworks/PerformanceAnalysis.framework/Versions/A/PerformanceAnalysis
0x00007ffa34cc7000 	/System/Library/Frameworks/OpenGL.framework/Versions/A/OpenGL
0x00007ff826f3d000 	/System/Library/PrivateFrameworks/MobileKeyBag.framework/Versions/A/MobileKeyBag
0x00007ff81cab3000 	/usr/lib/libobjc.A.dylib
0x00007ff822643000 	/System/Library/Frameworks/ColorSync.framework/Versions/A/ColorSync
0x00007ff81cc71000 	/System/Library/Frameworks/CoreFoundation.framework/Versions/A/CoreFoundation
0x00007ff825eca000 	/System/Library/Frameworks/CoreImage.framework/Versions/A/CoreImage
0x00007ff81e34a000 	/System/Library/Frameworks/CoreText.framework/Versions/A/CoreText
0x00007ff825c83000 	/System/Library/Frameworks/ImageIO.framework/Versions/A/ImageIO
0x00007ff827a09000 	/System/Library/PrivateFrameworks/SoftLinking.framework/Versions/A/SoftLinking
0x00007ff8243c2000 	/usr/lib/libxml2.2.dylib
0x00007ff81cb7d000 	/usr/lib/libc++.1.dylib
0x00007ff827c8d000 	/usr/lib/libcompression.dylib
0x00007ff82973d000 	/System/Library/PrivateFrameworks/TextureIO.framework/Versions/A/TextureIO
0x00007ff82837b000 	/usr/lib/libate.dylib
0x00007ff8279fe000 	/usr/lib/system/libcache.dylib
0x00007ff8279ba000 	/usr/lib/system/libcommonCrypto.dylib
0x00007ff8279e3000 	/usr/lib/system/libcompiler_rt.dylib
0x00007ff8279d9000 	/usr/lib/system/libcopyfile.dylib
0x00007ff81c9ae000 	/usr/lib/system/libcorecrypto.dylib
0x00007ff81ca6c000 	/usr/lib/system/libdispatch.dylib
0x00007ff81cc30000 	/usr/lib/system/libdyld.dylib
0x00007ff8279f5000 	/usr/lib/system/libkeymgr.dylib
0x00007ff827998000 	/usr/lib/system/libmacho.dylib
0x00007ff827017000 	/usr/lib/system/libquarantine.dylib
0x00007ff8279f3000 	/usr/lib/system/libremovefile.dylib
0x00007ff821baa000 	/usr/lib/system/libsystem_asl.dylib
0x00007ff81c957000 	/usr/lib/system/libsystem_blocks.dylib
0x00007ff81caf4000 	/usr/lib/system/libsystem_c.dylib
0x00007ff8279eb000 	/usr/lib/system/libsystem_collections.dylib
0x00007ff8262c4000 	/usr/lib/system/libsystem_configuration.dylib
0x00007ff825570000 	/usr/lib/system/libsystem_containermanager.dylib
0x00007ff8276d1000 	/usr/lib/system/libsystem_coreservices.dylib
0x00007ff81f253000 	/usr/lib/system/libsystem_darwin.dylib
0x00007ff8279f6000 	/usr/lib/system/libsystem_dnssd.dylib
0x00007ff81caf1000 	/usr/lib/system/libsystem_featureflags.dylib
0x00007ff81cc46000 	/usr/lib/system/libsystem_info.dylib
0x00007ff827936000 	/usr/lib/system/libsystem_m.dylib
0x00007ff81ca40000 	/usr/lib/system/libsystem_malloc.dylib
0x00007ff821b45000 	/usr/lib/system/libsystem_networkextension.dylib
0x00007ff81f679000 	/usr/lib/system/libsystem_notify.dylib
0x00007ff82dc61000 	/usr/lib/system/libsystem_product_info_filter.dylib
0x00007ff8262c8000 	/usr/lib/system/libsystem_sandbox.dylib
0x00007ff8279f0000 	/usr/lib/system/libsystem_secinit.dylib
0x00007ff81cbec000 	/usr/lib/system/libsystem_kernel.dylib
0x00007ff81cc3c000 	/usr/lib/system/libsystem_platform.dylib
0x00007ff81cc24000 	/usr/lib/system/libsystem_pthread.dylib
0x00007ff8233f2000 	/usr/lib/system/libsystem_symptoms.dylib
0x00007ff81c995000 	/usr/lib/system/libsystem_trace.dylib
0x00007ff8279c6000 	/usr/lib/system/libunwind.dylib
0x00007ff81c959000 	/usr/lib/system/libxpc.dylib
0x00007ff81cbd6000 	/usr/lib/libc++abi.dylib
0x00007ff8279d1000 	/usr/lib/liboah.dylib
0x00007ff828157000 	/usr/lib/liblzma.5.dylib
0x00007ff81d7f6000 	/System/Library/Frameworks/SystemConfiguration.framework/Versions/A/SystemConfiguration
0x00007ff827a05000 	/usr/lib/libfakelink.dylib
0x00007ff8216b6000 	/System/Library/Frameworks/CFNetwork.framework/Versions/A/CFNetwork
0x00007ff827b46000 	/usr/lib/libarchive.2.dylib
0x00007ff8262d0000 	/System/Library/PrivateFrameworks/AppleSystemInfo.framework/Versions/A/AppleSystemInfo
0x00007ff82703e000 	/usr/lib/libbsm.0.dylib
0x00007ff820cc9000 	/usr/lib/libnetwork.dylib
0x00007ff82799e000 	/usr/lib/system/libkxld.dylib
0x00007ff826c6a000 	/System/Library/PrivateFrameworks/IOMobileFramebuffer.framework/Versions/A/IOMobileFramebuffer
0x00007ffb341ce000 	/usr/lib/libCoreEntitlements.dylib
0x00007ff8276b3000 	/System/Library/PrivateFrameworks/AppleFSCompression.framework/Versions/A/AppleFSCompression
0x00007ff827026000 	/usr/lib/libcoretls.dylib
0x00007ff828171000 	/usr/lib/libcoretls_cfhelpers.dylib
0x00007ff827c88000 	/usr/lib/libpam.2.dylib
0x00007ff823012000 	/usr/lib/libsqlite3.dylib
0x00007ff8281e0000 	/usr/lib/libxar.1.dylib
0x00007ff8276c3000 	/usr/lib/libbz2.1.0.dylib
0x00007ff827a0a000 	/usr/lib/libpcap.A.dylib
0x00007ff8233ea000 	/usr/lib/libdns_services.dylib
0x00007ff827c58000 	/usr/lib/libapple_nghttp2.dylib
0x00007ff827a44000 	/usr/lib/libiconv.2.dylib
0x00007ff827997000 	/usr/lib/libcharset.1.dylib
0x00007ff824345000 	/System/Library/Frameworks/CoreServices.framework/Versions/A/Frameworks/FSEvents.framework/Versions/A/FSEvents
0x00007ff81f25d000 	/System/Library/Frameworks/CoreServices.framework/Versions/A/Frameworks/CarbonCore.framework/Versions/A/CarbonCore
0x00007ff823633000 	/System/Library/Frameworks/CoreServices.framework/Versions/A/Frameworks/Metadata.framework/Versions/A/Metadata
0x00007ff8276d6000 	/System/Library/Frameworks/CoreServices.framework/Versions/A/Frameworks/OSServices.framework/Versions/A/OSServices
0x00007ff827bcd000 	/System/Library/Frameworks/CoreServices.framework/Versions/A/Frameworks/SearchKit.framework/Versions/A/SearchKit
0x00007ff82337d000 	/System/Library/Frameworks/CoreServices.framework/Versions/A/Frameworks/AE.framework/Versions/A/AE
0x00007ff81d173000 	/System/Library/Frameworks/CoreServices.framework/Versions/A/Frameworks/LaunchServices.framework/Versions/A/LaunchServices
0x00007ff828108000 	/System/Library/Frameworks/CoreServices.framework/Versions/A/Frameworks/DictionaryServices.framework/Versions/A/DictionaryServices
0x00007ff824352000 	/System/Library/Frameworks/CoreServices.framework/Versions/A/Frameworks/SharedFileList.framework/Versions/A/SharedFileList
0x00007ff82701a000 	/usr/lib/libCheckFix.dylib
0x00007ff821bc1000 	/System/Library/PrivateFrameworks/TCC.framework/Versions/A/TCC
0x00007ff8262d6000 	/System/Library/PrivateFrameworks/CoreNLP.framework/Versions/A/CoreNLP
0x00007ff8235e3000 	/System/Library/PrivateFrameworks/MetadataUtilities.framework/Versions/A/MetadataUtilities
0x00007ff81d8a6000 	/usr/lib/libmecabra.dylib
0x00007ff82704e000 	/usr/lib/libmecab.dylib
0x00007ff81d871000 	/usr/lib/libCRFSuite.dylib
0x00007ff8270a8000 	/usr/lib/libgermantok.dylib
0x00007ff827c33000 	/usr/lib/libThaiTokenizer.dylib
0x00007ff8236d6000 	/System/Library/Frameworks/Accelerate.framework/Versions/A/Frameworks/vImage.framework/Versions/A/vImage
0x00007ff82dd63000 	/System/Library/Frameworks/Accelerate.framework/Versions/A/Frameworks/vecLib.framework/Versions/A/vecLib
0x00007ff828221000 	/System/Library/Frameworks/Accelerate.framework/Versions/A/Frameworks/vecLib.framework/Versions/A/libvMisc.dylib
0x00007ff826a95000 	/System/Library/Frameworks/Accelerate.framework/Versions/A/Frameworks/vecLib.framework/Versions/A/libvDSP.dylib
0x00007ff81d4ed000 	/System/Library/Frameworks/Accelerate.framework/Versions/A/Frameworks/vecLib.framework/Versions/A/libBLAS.dylib
0x00007ff827d6a000 	/System/Library/Frameworks/Accelerate.framework/Versions/A/Frameworks/vecLib.framework/Versions/A/libLAPACK.dylib
0x00007ff8270ab000 	/System/Library/Frameworks/Accelerate.framework/Versions/A/Frameworks/vecLib.framework/Versions/A/libLinearAlgebra.dylib
0x00007ff827c70000 	/System/Library/Frameworks/Accelerate.framework/Versions/A/Frameworks/vecLib.framework/Versions/A/libSparseBLAS.dylib
0x00007ff827d64000 	/System/Library/Frameworks/Accelerate.framework/Versions/A/Frameworks/vecLib.framework/Versions/A/libQuadrature.dylib
0x00007ff8263c1000 	/System/Library/Frameworks/Accelerate.framework/Versions/A/Frameworks/vecLib.framework/Versions/A/libBNNS.dylib
0x00007ff81d787000 	/System/Library/Frameworks/Accelerate.framework/Versions/A/Frameworks/vecLib.framework/Versions/A/libSparse.dylib
0x00007ff8263ba000 	/System/Library/PrivateFrameworks/LinguisticData.framework/Versions/A/LinguisticData
0x00007ff81d73d000 	/System/Library/PrivateFrameworks/Lexicon.framework/Versions/A/Lexicon
0x00007ff82821a000 	/usr/lib/libChineseTokenizer.dylib
0x00007ff81de9f000 	/System/Library/PrivateFrameworks/LanguageModeling.framework/Versions/A/LanguageModeling
0x00007ff827c35000 	/System/Library/PrivateFrameworks/AppleSauce.framework/Versions/A/AppleSauce
0x00007ff826c58000 	/System/Library/PrivateFrameworks/CoreEmoji.framework/Versions/A/CoreEmoji
0x00007ff827b35000 	/usr/lib/libcmph.dylib
0x00007ff824329000 	/System/Library/Frameworks/OpenDirectory.framework/Versions/A/Frameworks/CFOpenDirectory.framework/Versions/A/CFOpenDirectory
0x00007ff82431d000 	/System/Library/Frameworks/OpenDirectory.framework/Versions/A/OpenDirectory
0x00007ff828173000 	/System/Library/PrivateFrameworks/APFS.framework/Versions/A/APFS
0x00007ff826f75000 	/System/Library/Frameworks/SecurityFoundation.framework/Versions/A/SecurityFoundation
0x00007ff8281ee000 	/usr/lib/libutil.dylib
0x00007ff81f587000 	/System/Library/PrivateFrameworks/CoreServicesStore.framework/Versions/A/CoreServicesStore
0x00007ff8281f2000 	/usr/lib/libxslt.1.dylib
0x00007ff827002000 	/System/Library/PrivateFrameworks/BackgroundTaskManagement.framework/Versions/A/BackgroundTaskManagement
0x00007ff82965d000 	/System/Library/Frameworks/ImageIO.framework/Versions/A/Resources/libRadiance.dylib
0x00007ff829666000 	/System/Library/Frameworks/ImageIO.framework/Versions/A/Resources/libJPEG.dylib
0x00007ff8295b7000 	/System/Library/Frameworks/ImageIO.framework/Versions/A/Resources/libPng.dylib
0x00007ff8295d8000 	/System/Library/Frameworks/ImageIO.framework/Versions/A/Resources/libTIFF.dylib
0x00007ff8296c6000 	/System/Library/Frameworks/ImageIO.framework/Versions/A/Resources/libGIF.dylib
0x00007ff828ef2000 	/System/Library/Frameworks/ImageIO.framework/Versions/A/Resources/libJP2.dylib
0x00007ff828630000 	/usr/lib/libexpat.1.dylib
0x00007ff828ea7000 	/System/Library/PrivateFrameworks/AppleJPEG.framework/Versions/A/AppleJPEG
0x00007ff82580a000 	/System/Library/PrivateFrameworks/FontServices.framework/libFontParser.dylib
0x00007ff823327000 	/System/Library/PrivateFrameworks/RunningBoardServices.framework/Versions/A/RunningBoardServices
0x00007ff834012000 	/System/Library/PrivateFrameworks/IOSurfaceAccelerator.framework/Versions/A/IOSurfaceAccelerator
0x00007ff828fd4000 	/System/Library/PrivateFrameworks/WatchdogClient.framework/Versions/A/WatchdogClient
0x00007ff81df8d000 	/System/Library/Frameworks/CoreDisplay.framework/Versions/A/CoreDisplay
0x00007ff825708000 	/System/Library/Frameworks/CoreMedia.framework/Versions/A/CoreMedia
0x00007ff82559f000 	/System/Library/PrivateFrameworks/IOAccelerator.framework/Versions/A/IOAccelerator
0x00007ff8244a6000 	/System/Library/Frameworks/CoreVideo.framework/Versions/A/CoreVideo
0x00007ff827c86000 	/System/Library/Frameworks/MetalPerformanceShaders.framework/Versions/A/MetalPerformanceShaders
0x00007ff829011000 	/System/Library/Frameworks/VideoToolbox.framework/Versions/A/VideoToolbox
0x00007ff823271000 	/System/Library/PrivateFrameworks/BaseBoard.framework/Versions/A/BaseBoard
0x00007ff822ff8000 	/System/Library/PrivateFrameworks/ProtocolBuffer.framework/Versions/A/ProtocolBuffer
0x00007ff829656000 	/System/Library/PrivateFrameworks/GPUWrangler.framework/Versions/A/GPUWrangler
0x00007ff82963a000 	/System/Library/PrivateFrameworks/IOPresentment.framework/Versions/A/IOPresentment
0x00007ff829660000 	/System/Library/PrivateFrameworks/DSExternalDisplay.framework/Versions/A/DSExternalDisplay
0x00007ffa34cbb000 	/System/Library/Frameworks/OpenGL.framework/Versions/A/Libraries/libCoreFSCache.dylib
0x00007ffb21977000 	/System/Library/PrivateFrameworks/GPUCompiler.framework/Versions/31001/Libraries/libGPUCompilerUtils.dylib
0x00007ff8296cb000 	/System/Library/PrivateFrameworks/CMCaptureCore.framework/Versions/A/CMCaptureCore
0x00007ff828bd8000 	/System/Library/PrivateFrameworks/AppServerSupport.framework/Versions/A/AppServerSupport
0x00007ff82ae97000 	/System/Library/PrivateFrameworks/perfdata.framework/Versions/A/perfdata
0x00007ff81e0b9000 	/System/Library/PrivateFrameworks/AudioToolboxCore.framework/Versions/A/AudioToolboxCore
0x00007ff8256e6000 	/System/Library/PrivateFrameworks/caulk.framework/Versions/A/caulk
0x00007ff82a7a9000 	/usr/lib/libAudioStatistics.dylib
0x00007ff921f51000 	/System/Library/PrivateFrameworks/SystemPolicy.framework/Versions/A/SystemPolicy
0x00007ff82aa04000 	/usr/lib/libSMC.dylib
0x00007ff83390d000 	/System/Library/Frameworks/CoreMIDI.framework/Versions/A/CoreMIDI
0x00007ff829586000 	/usr/lib/libAudioToolboxUtility.dylib
0x00007ff91e1f4000 	/System/Library/PrivateFrameworks/OSAServicesClient.framework/Versions/A/OSAServicesClient
0x00007ff82aea4000 	/usr/lib/libperfcheck.dylib
0x00007ff9229fb000 	/usr/lib/libmis.dylib
0x00007ffa34d16000 	/System/Library/Frameworks/OpenGL.framework/Versions/A/Libraries/libGLU.dylib
0x00007ffa34cda000 	/System/Library/Frameworks/OpenGL.framework/Versions/A/Libraries/libGFXShared.dylib
0x00007ffa34ee3000 	/System/Library/Frameworks/OpenGL.framework/Versions/A/Libraries/libGL.dylib
0x00007ffa34ce3000 	/System/Library/Frameworks/OpenGL.framework/Versions/A/Libraries/libGLImage.dylib
0x00007ffa34cd7000 	/System/Library/Frameworks/OpenGL.framework/Versions/A/Libraries/libCVMSPluginSupport.dylib
0x00007ffa34cc2000 	/System/Library/Frameworks/OpenGL.framework/Versions/A/Libraries/libCoreVMClient.dylib
0x00007ff826252000 	/System/Library/Frameworks/MetalPerformanceShaders.framework/Versions/A/Frameworks/MPSCore.framework/Versions/A/MPSCore
0x00007ff82761e000 	/System/Library/Frameworks/MetalPerformanceShaders.framework/Versions/A/Frameworks/MPSImage.framework/Versions/A/MPSImage
0x00007ff8270c1000 	/System/Library/Frameworks/MetalPerformanceShaders.framework/Versions/A/Frameworks/MPSNeuralNetwork.framework/Versions/A/MPSNeuralNetwork
0x00007ff827535000 	/System/Library/Frameworks/MetalPerformanceShaders.framework/Versions/A/Frameworks/MPSMatrix.framework/Versions/A/MPSMatrix
0x00007ff8272f0000 	/System/Library/Frameworks/MetalPerformanceShaders.framework/Versions/A/Frameworks/MPSRayIntersector.framework/Versions/A/MPSRayIntersector
0x00007ff82756d000 	/System/Library/Frameworks/MetalPerformanceShaders.framework/Versions/A/Frameworks/MPSNDArray.framework/Versions/A/MPSNDArray
0x00007ffa39c43000 	/System/Library/Frameworks/MetalPerformanceShaders.framework/Versions/A/Frameworks/MPSFunctions.framework/Versions/A/MPSFunctions
0x00007ff81d3ca000 	/System/Library/PrivateFrameworks/MetalTools.framework/Versions/A/MetalTools
0x00007ff8262ce000 	/System/Library/PrivateFrameworks/AggregateDictionary.framework/Versions/A/AggregateDictionary
0x00007ff828412000 	/usr/lib/libIOReport.dylib
0x00007ffa362f2000 	/System/Library/Frameworks/OpenCL.framework/Versions/A/OpenCL
0x00007ff828776000 	/System/Library/PrivateFrameworks/FaceCore.framework/Versions/A/FaceCore
0x00007ff828767000 	/System/Library/PrivateFrameworks/GraphVisualizer.framework/Versions/A/GraphVisualizer
0x00007ffb21882000 	/System/Library/PrivateFrameworks/FontServices.framework/Versions/A/FontServices
0x00007ff828b90000 	/System/Library/PrivateFrameworks/OTSVG.framework/Versions/A/OTSVG
0x00007ff82408d000 	/System/Library/Frameworks/ApplicationServices.framework/Versions/A/Frameworks/ATS.framework/Versions/A/Resources/libFontRegistry.dylib
0x00007ff828be0000 	/System/Library/PrivateFrameworks/FontServices.framework/libhvf.dylib
0x00007ffb21883000 	/System/Library/PrivateFrameworks/FontServices.framework/libXTFontStaticRegistryData.dylib
0x00007ff8285e0000 	/System/Library/PrivateFrameworks/AppleVA.framework/Versions/A/AppleVA
0x00007ff82a7c9000 	/System/Library/Frameworks/ApplicationServices.framework/Versions/A/Frameworks/ATS.framework/Versions/A/ATS
0x00007ff82273f000 	/System/Library/Frameworks/ApplicationServices.framework/Versions/A/Frameworks/HIServices.framework/Versions/A/HIServices
0x00007ff8296d5000 	/System/Library/Frameworks/ApplicationServices.framework/Versions/A/Frameworks/PrintCore.framework/Versions/A/PrintCore
0x00007ff82ab57000 	/System/Library/Frameworks/ApplicationServices.framework/Versions/A/Frameworks/QD.framework/Versions/A/QD
0x00007ff82ab4f000 	/System/Library/Frameworks/ApplicationServices.framework/Versions/A/Frameworks/ColorSyncLegacy.framework/Versions/A/ColorSyncLegacy
0x00007ff82a7b9000 	/System/Library/Frameworks/ApplicationServices.framework/Versions/A/Frameworks/SpeechSynthesis.framework/Versions/A/SpeechSynthesis
0x00007ff829696000 	/System/Library/Frameworks/ApplicationServices.framework/Versions/A/Frameworks/ATSUI.framework/Versions/A/ATSUI
0x00007ff82aae4000 	/usr/lib/libcups.2.dylib
0x00007ff82aeb3000 	/System/Library/Frameworks/Kerberos.framework/Versions/A/Kerberos
0x00007ff82aec2000 	/System/Library/Frameworks/GSS.framework/Versions/A/GSS
0x00007ff82a835000 	/usr/lib/libresolv.9.dylib
0x00007ff828bef000 	/System/Library/PrivateFrameworks/Heimdal.framework/Versions/A/Heimdal
0x00007ff831a8f000 	/System/Library/Frameworks/Kerberos.framework/Versions/A/Libraries/libHeimdalProxy.dylib
0x00007ff8233fa000 	/System/Library/Frameworks/Network.framework/Versions/A/Network
0x00007ff82864a000 	/usr/lib/libheimdal-asn1.dylib
0x00007ff82af0d000 	/System/Library/PrivateFrameworks/CommonAuth.framework/Versions/A/CommonAuth
0x00007ff82a73b000 	/System/Library/PrivateFrameworks/AudioSession.framework/Versions/A/AudioSession
0x00007ff8286da000 	/System/Library/PrivateFrameworks/MediaExperience.framework/Versions/A/MediaExperience
0x00007ff82a5ce000 	/System/Library/PrivateFrameworks/AudioSession.framework/libSessionUtility.dylib
0x00007ff82ab63000 	/System/Library/PrivateFrameworks/AudioResourceArbitration.framework/Versions/A/AudioResourceArbitration
0x00007ff82ebd6000 	/System/Library/PrivateFrameworks/PowerLog.framework/Versions/A/PowerLog
0x00007ff828653000 	/System/Library/PrivateFrameworks/IconFoundation.framework/Versions/A/IconFoundation
0x00007ff82d98c000 	/System/Library/PrivateFrameworks/SpeechRecognitionCore.framework/Versions/A/SpeechRecognitionCore
0x000000010675c000 	/Library/Java/JavaVirtualMachines/temurin-11.jdk/Contents/Home/lib/server/libjvm.dylib
0x00000001059c4000 	/Library/Java/JavaVirtualMachines/temurin-11.jdk/Contents/Home/lib/libverify.dylib
0x0000000105a01000 	/Library/Java/JavaVirtualMachines/temurin-11.jdk/Contents/Home/lib/libjava.dylib
0x00000001059d5000 	/Library/Java/JavaVirtualMachines/temurin-11.jdk/Contents/Home/lib/libjimage.dylib
0x00000001059ee000 	/Library/Java/JavaVirtualMachines/temurin-11.jdk/Contents/Home/lib/libzip.dylib
0x00000001064a7000 	/Library/Java/JavaVirtualMachines/temurin-11.jdk/Contents/Home/lib/libnio.dylib
0x00000001064d3000 	/Library/Java/JavaVirtualMachines/temurin-11.jdk/Contents/Home/lib/libnet.dylib
0x00000001064ba000 	/Users/alessandromaggio/.openjfx/cache/11/libprism_es2.dylib
0x00007ff81f549000 	/System/Library/PrivateFrameworks/CoreServicesInternal.framework/Versions/A/CoreServicesInternal
0x00007ffa34eee000 	/System/Library/Frameworks/OpenGL.framework/Versions/A/Resources/GLEngine.bundle/GLEngine
0x00007ffa34d54000 	/System/Library/Frameworks/OpenGL.framework/Versions/A/Libraries/libGLProgrammability.dylib
0x00007ffa2d6c2000 	/System/Library/Extensions/AppleIntelBDWGraphicsGLDriver.bundle/Contents/MacOS/AppleIntelBDWGraphicsGLDriver
0x00007ff92cb35000 	/System/Library/PrivateFrameworks/GPUSupport.framework/Versions/A/Libraries/libGPUSupportMercury.dylib
0x00007ffa35078000 	/System/Library/Frameworks/OpenGL.framework/Versions/A/Resources/GLRendererFloat.bundle/GLRendererFloat
0x00000001154dd000 	/Users/alessandromaggio/.openjfx/cache/11/libglass.dylib
0x00007ff82f1c7000 	/System/Library/Frameworks/FileProvider.framework/Versions/A/FileProvider
0x00007ff8231de000 	/System/Library/Frameworks/Accounts.framework/Versions/A/Accounts
0x00007ff82f340000 	/System/Library/PrivateFrameworks/GenerationalStorage.framework/Versions/A/GenerationalStorage
0x00007ff82fe53000 	/System/Library/PrivateFrameworks/CoreSymbolication.framework/Versions/A/CoreSymbolication
0x00007ff82ebcb000 	/System/Library/PrivateFrameworks/SymptomDiagnosticReporter.framework/Versions/A/SymptomDiagnosticReporter
0x00007ff820807000 	/System/Library/PrivateFrameworks/DesktopServicesPriv.framework/Versions/A/DesktopServicesPriv
0x00007ff81f688000 	/usr/lib/libsandbox.1.dylib
0x00007ff824525000 	/System/Library/PrivateFrameworks/UserManagement.framework/Versions/A/UserManagement
0x00007ff82fe18000 	/System/Library/PrivateFrameworks/DebugSymbols.framework/Versions/A/DebugSymbols
0x00007ff82ab44000 	/System/Library/PrivateFrameworks/NetAuth.framework/Versions/A/NetAuth
0x00007ff82ba51000 	/System/Library/PrivateFrameworks/Sharing.framework/Versions/A/Sharing
0x00007ff8244f8000 	/System/Library/PrivateFrameworks/login.framework/Versions/A/Frameworks/loginsupport.framework/Versions/A/loginsupport
0x00007ff830fb6000 	/System/Library/PrivateFrameworks/Apple80211.framework/Versions/A/Apple80211
0x00007ff827703000 	/System/Library/PrivateFrameworks/AuthKit.framework/Versions/A/AuthKit
0x00007ff826d4e000 	/System/Library/PrivateFrameworks/CoreUtils.framework/Versions/A/CoreUtils
0x00007ff826c75000 	/System/Library/Frameworks/CoreWLAN.framework/Versions/A/CoreWLAN
0x00007ff82bbb0000 	/System/Library/Frameworks/IOBluetooth.framework/Versions/A/IOBluetooth
0x00007ff83101e000 	/System/Library/PrivateFrameworks/CoreWiFi.framework/Versions/A/CoreWiFi
0x00007ff82f9ea000 	/System/Library/PrivateFrameworks/FrontBoardServices.framework/Versions/A/FrontBoardServices
0x00007ff82fa7b000 	/System/Library/PrivateFrameworks/BoardServices.framework/Versions/A/BoardServices
0x00007ff826f64000 	/System/Library/PrivateFrameworks/AssertionServices.framework/Versions/A/AssertionServices
0x00007ff8311a1000 	/System/Library/PrivateFrameworks/BackBoardServices.framework/Versions/A/BackBoardServices
0x00007ff82af9e000 	/System/Library/PrivateFrameworks/CorePhoneNumbers.framework/Versions/A/CorePhoneNumbers
0x00007ff82ece8000 	/System/Library/PrivateFrameworks/DiskManagement.framework/Versions/A/DiskManagement
0x00007ff82ebfc000 	/System/Library/PrivateFrameworks/AppleIDAuthSupport.framework/Versions/A/AppleIDAuthSupport
0x00007ffa3c204000 	/System/Library/PrivateFrameworks/AAAFoundation.framework/Versions/A/AAAFoundation
0x00007ff82af7f000 	/System/Library/PrivateFrameworks/KeychainCircle.framework/Versions/A/KeychainCircle
0x00007ff82ecb4000 	/System/Library/PrivateFrameworks/MediaKit.framework/Versions/A/MediaKit
0x00007ff82ec08000 	/System/Library/Frameworks/DiscRecording.framework/Versions/A/DiscRecording
0x00007ff828558000 	/usr/lib/libCoreStorage.dylib
0x00007ff83148f000 	/usr/lib/libcsfde.dylib
0x00007ff82bc7d000 	/System/Library/PrivateFrameworks/ProtectedCloudStorage.framework/Versions/A/ProtectedCloudStorage
0x00007ff83148b000 	/System/Library/PrivateFrameworks/EFILogin.framework/Versions/A/EFILogin
0x00007ff82f366000 	/System/Library/PrivateFrameworks/OctagonTrust.framework/Versions/A/OctagonTrust
0x00007ffb20af1000 	/System/Library/PrivateFrameworks/CoreUtilsExtras.framework/Versions/A/CoreUtilsExtras
0x00007ff82eb2f000 	/System/Library/Frameworks/CoreBluetooth.framework/Versions/A/CoreBluetooth
0x00007ff831b14000 	/System/Library/Frameworks/AudioUnit.framework/Versions/A/AudioUnit
0x00007ff828550000 	/usr/lib/libMatch.1.dylib
0x00007ff926fd4000 	/System/Library/Frameworks/Accelerate.framework/Versions/A/Frameworks/vImage.framework/Versions/A/Libraries/libCGInterfaces.dylib
0x0000000129466000 	/usr/lib/libobjc-trampolines.dylib
0x00007ff82421d000 	/System/Library/PrivateFrameworks/ViewBridge.framework/Versions/A/ViewBridge
0x000000012b6cf000 	/Users/alessandromaggio/.openjfx/cache/11/libjavafx_font.dylib
0x000000012bad9000 	/Library/Java/JavaVirtualMachines/temurin-11.jdk/Contents/Home/lib/libextnet.dylib
0x00007ff828ca6000 	/System/Library/PrivateFrameworks/login.framework/Versions/A/login
0x00007ffb342dd000 	/usr/lib/libRosetta.dylib


VM Arguments:
jvm_args: -Dfile.encoding=UTF-8 
java_command: it.polito.tdp.yelp.Main
java_class_path (initial): /Users/alessandromaggio/Desktop/UNI/3 anno/TDP/eclipse-workspace/2021-09-10/target/classes:/Users/alessandromaggio/.m2/repository/org/openjfx/javafx-controls/11/javafx-controls-11.jar:/Users/alessandromaggio/.m2/repository/org/openjfx/javafx-controls/11/javafx-controls-11-mac.jar:/Users/alessandromaggio/.m2/repository/org/openjfx/javafx-graphics/11/javafx-graphics-11.jar:/Users/alessandromaggio/.m2/repository/org/openjfx/javafx-graphics/11/javafx-graphics-11-mac.jar:/Users/alessandromaggio/.m2/repository/org/openjfx/javafx-base/11/javafx-base-11.jar:/Users/alessandromaggio/.m2/repository/org/openjfx/javafx-base/11/javafx-base-11-mac.jar:/Users/alessandromaggio/.m2/repository/org/openjfx/javafx-fxml/11/javafx-fxml-11.jar:/Users/alessandromaggio/.m2/repository/org/openjfx/javafx-fxml/11/javafx-fxml-11-mac.jar:/Users/alessandromaggio/.m2/repository/com/zaxxer/HikariCP/3.4.2/HikariCP-3.4.2.jar:/Users/alessandromaggio/.m2/repository/org/jgrapht/jgrapht-core/1.5.1/jgrapht-core-1.5.1.jar:/Users/alessandromaggio/.m2/repository/org/jheaps/jheaps/0.13/jheaps-0.13.jar:/Users/alessandromaggio/.m2/repository/org/mariadb/jdbc/mariadb-java-client/2.5.4/mariadb-java-client-2.5.4.jar:/Users/alessandromaggio/.m2/repository/org/slf4j/slf4j-api/1.7.30/slf4j-api-1.7.30.jar:/Users/alessandromaggio/.m2/repository/org/slf4j/slf4j-simple/1.7.30/slf4j-simple-1.7.30.jar:/Users/alessandromaggio/.m2/repository/com/javadocmd/simplelatlng/1.3.1/simplelatlng-1.3.1.jar
Launcher Type: SUN_STANDARD

[Global flags]
     intx CICompilerCount                          = 3                                         {product} {ergonomic}
     uint ConcGCThreads                            = 1                                         {product} {ergonomic}
     uint G1ConcRefinementThreads                  = 4                                         {product} {ergonomic}
   size_t G1HeapRegionSize                         = 1048576                                   {product} {ergonomic}
    uintx GCDrainStackTargetSize                   = 64                                        {product} {ergonomic}
   size_t InitialHeapSize                          = 134217728                                 {product} {ergonomic}
   size_t MarkStackSize                            = 4194304                                   {product} {ergonomic}
   size_t MaxHeapSize                              = 2147483648                                {product} {ergonomic}
   size_t MaxNewSize                               = 1287651328                                {product} {ergonomic}
   size_t MinHeapDeltaBytes                        = 1048576                                   {product} {ergonomic}
    uintx NonNMethodCodeHeapSize                   = 5830732                                {pd product} {ergonomic}
    uintx NonProfiledCodeHeapSize                  = 122913754                              {pd product} {ergonomic}
    uintx ProfiledCodeHeapSize                     = 122913754                              {pd product} {ergonomic}
    uintx ReservedCodeCacheSize                    = 251658240                              {pd product} {ergonomic}
     bool SegmentedCodeCache                       = true                                      {product} {ergonomic}
     bool UseCompressedClassPointers               = true                                 {lp64_product} {ergonomic}
     bool UseCompressedOops                        = true                                 {lp64_product} {ergonomic}
     bool UseG1GC                                  = true                                      {product} {ergonomic}

Logging:
Log output configuration:
 #0: stdout all=warning uptime,level,tags
 #1: stderr all=off uptime,level,tags

Environment Variables:
PATH=/usr/bin:/bin:/usr/sbin:/sbin
SHELL=/bin/bash

Signal Handlers:
SIGSEGV: [libjvm.dylib+0x7c69d4], sa_mask[0]=11111111011111110111111111111111, sa_flags=SA_ONSTACK|SA_RESTART|SA_SIGINFO
SIGBUS: [libjvm.dylib+0x7c69d4], sa_mask[0]=11111111011111110111111111111111, sa_flags=SA_RESTART|SA_SIGINFO
SIGFPE: [libjvm.dylib+0x7c69d4], sa_mask[0]=11111111011111110111111111111111, sa_flags=SA_RESTART|SA_SIGINFO
SIGPIPE: [libjvm.dylib+0x62b2ae], sa_mask[0]=11111111011111110111111111111111, sa_flags=SA_RESTART|SA_SIGINFO
SIGXFSZ: [libjvm.dylib+0x62b2ae], sa_mask[0]=11111111011111110111111111111111, sa_flags=SA_RESTART|SA_SIGINFO
SIGILL: [libjvm.dylib+0x7c69d4], sa_mask[0]=11111111011111110111111111111111, sa_flags=SA_RESTART|SA_SIGINFO
SIGUSR2: [libjvm.dylib+0x62b895], sa_mask[0]=00100000000000000000000000000000, sa_flags=SA_RESTART|SA_SIGINFO
SIGHUP: [libjvm.dylib+0x62a477], sa_mask[0]=11111111011111110111111111111111, sa_flags=SA_RESTART|SA_SIGINFO
SIGINT: [libjvm.dylib+0x62a477], sa_mask[0]=11111111011111110111111111111111, sa_flags=SA_RESTART|SA_SIGINFO
SIGTERM: [libjvm.dylib+0x62a477], sa_mask[0]=11111111011111110111111111111111, sa_flags=SA_RESTART|SA_SIGINFO
SIGQUIT: [libjvm.dylib+0x62a477], sa_mask[0]=11111111011111110111111111111111, sa_flags=SA_RESTART|SA_SIGINFO


---------------  S Y S T E M  ---------------

OS:uname:Darwin 21.4.0 Darwin Kernel Version 21.4.0: Fri Mar 18 00:45:05 PDT 2022; root:xnu-8020.101.4~15/RELEASE_X86_64 x86_64
OS uptime: 0 days 1:25 hours
rlimit (soft/hard): STACK 8192k/65532k , CORE 0k/infinity , NPROC 1392/2088 , NOFILE 10240/infinity , AS infinity/infinity , CPU infinity/infinity , DATA infinity/infinity , FSIZE infinity/infinity , MEMLOCK infinity/infinity , RSS infinity/infinity
load average:2.37 2.57 3.00

CPU:total 4 (initial active 4) (2 cores per cpu, 2 threads per core) family 6 model 61 stepping 4 microcode 0x2f, cmov, cx8, fxsr, mmx, sse, sse2, sse3, ssse3, sse4.1, sse4.2, popcnt, avx, avx2, aes, clmul, erms, rtm, 3dnowpref, lzcnt, ht, tsc, tscinvbit, bmi1, bmi2, adx, fma

Memory: 4k page, physical 8388608k(967480k free), swap 0k(0k free)

vm_info: OpenJDK 64-Bit Server VM (11.0.14.1+1) for bsd-amd64 JRE (11.0.14.1+1), built on Feb  8 2022 17:43:13 by "jenkins" with clang 4.2.1 Compatible Apple LLVM 10.0.1 (clang-1001.0.46.4)

END.
