#
# A fatal error has been detected by the Java Runtime Environment:
#
#  Internal Error (safepoint.cpp:919), pid=47336, tid=30471
#  fatal error: Illegal threadstate encountered: 4
#
# JRE version: OpenJDK Runtime Environment Temurin-11.0.14.1+1 (11.0.14.1+1) (build 11.0.14.1+1)
# Java VM: OpenJDK 64-Bit Server VM Temurin-11.0.14.1+1 (11.0.14.1+1, mixed mode, tiered, compressed oops, g1 gc, bsd-amd64)
# No core dump will be written. Core dumps have been disabled. To enable core dumping, try "ulimit -c unlimited" before starting Java again
#
# If you would like to submit a bug report, please visit:
#   https://github.com/adoptium/adoptium-support/issues
# The crash happened outside the Java Virtual Machine in native code.
# See problematic frame for where to report the bug.
#

---------------  S U M M A R Y ------------

Command Line: -agentlib:jdwp=transport=dt_socket,suspend=y,address=localhost:52250 -javaagent:/Applications/Eclipse.app/Contents/Eclipse/configuration/org.eclipse.osgi/215/0/.cp/lib/javaagent-shaded.jar -Dfile.encoding=UTF-8 it.polito.tdp.yelp.Main

Host: MacBookAir7,2 x86_64 1800 MHz, 4 cores, 8G, Darwin 21.4.0
Time: Sat May 28 12:40:05 2022 CEST elapsed time: 14.773473 seconds (0d 0h 0m 14s)

---------------  T H R E A D  ---------------

Current thread (0x00007f8609411800):  JavaThread "InvokeLaterDispatcher" daemon [_thread_in_native, id=30471, stack(0x0000700005051000,0x0000700005151000)]

Stack: [0x0000700005051000,0x0000700005151000],  sp=0x000070000514f2d0,  free space=1016k
Native frames: (J=compiled Java code, A=aot compiled Java code, j=interpreted, Vv=VM code, C=native code)
V  [libjvm.dylib+0x7c5ab3]  _ZN7VMError14report_and_dieEiPKcS1_P13__va_list_tagP6ThreadPhPvS7_S1_im+0x601
V  [libjvm.dylib+0x276985]  _Z12report_fatal11VMErrorTypePKciS1_z+0xc0
V  [libjvm.dylib+0x69bc15]  _ZN20SafepointSynchronize5blockEP10JavaThread+0x1d9
V  [libjvm.dylib+0x69d183]  _ZN18SafepointMechanism23block_if_requested_slowEP10JavaThread+0x1d
V  [libjvm.dylib+0x77e5c4]  _ZN10JavaThread44check_safepoint_and_suspend_for_native_transEPS_+0x9c
V  [libjvm.dylib+0x3f36ae]  jni_DeleteGlobalRef+0x93
C  [libglass.dylib+0x8871]  -[GlassRunnable dealloc]+0x31
C  [Foundation+0x81bee]  -[_NSThreadPerformInfo dealloc]+0x2a
C  [Foundation+0x4e496]  -[NSObject(NSThreadPerformAdditions) performSelectorOnMainThread:withObject:waitUntilDone:]+0x7c
j  com.sun.glass.ui.mac.MacApplication._submitForLaterInvocation(Ljava/lang/Runnable;)V+0
j  com.sun.glass.ui.mac.MacApplication.submitForLaterInvocation(Ljava/lang/Runnable;)V+2
j  com.sun.glass.ui.InvokeLaterDispatcher.run()V+82
v  ~StubRoutines::call_stub
V  [libjvm.dylib+0x3b7c22]  _ZN9JavaCalls11call_helperEP9JavaValueRK12methodHandleP17JavaCallArgumentsP6Thread+0x1fe
V  [libjvm.dylib+0x3b7088]  _ZN9JavaCalls12call_virtualEP9JavaValueP5KlassP6SymbolS5_P17JavaCallArgumentsP6Thread+0xee
V  [libjvm.dylib+0x3b7144]  _ZN9JavaCalls12call_virtualEP9JavaValue6HandleP5KlassP6SymbolS6_P6Thread+0x62
V  [libjvm.dylib+0x43dfce]  _ZL12thread_entryP10JavaThreadP6Thread+0x78
V  [libjvm.dylib+0x77d03c]  _ZN10JavaThread17thread_main_innerEv+0x82
V  [libjvm.dylib+0x77ce86]  _ZN10JavaThread3runEv+0x122
V  [libjvm.dylib+0x77ada0]  _ZN6Thread8call_runEv+0x68
V  [libjvm.dylib+0x6291d1]  _ZL19thread_native_entryP6Thread+0x139
C  [libsystem_pthread.dylib+0x64e1]  _pthread_start+0x7d
C  [libsystem_pthread.dylib+0x1f6b]  thread_start+0xf

Java frames: (J=compiled Java code, j=interpreted, Vv=VM code)
j  com.sun.glass.ui.mac.MacApplication._submitForLaterInvocation(Ljava/lang/Runnable;)V+0
j  com.sun.glass.ui.mac.MacApplication.submitForLaterInvocation(Ljava/lang/Runnable;)V+2
j  com.sun.glass.ui.InvokeLaterDispatcher.run()V+82
v  ~StubRoutines::call_stub

---------------  P R O C E S S  ---------------

Threads class SMR info:
_java_thread_list=0x000060000202fd00, length=21, elements={
0x00007f860b015800, 0x00007f860b04e800, 0x00007f860a80e000, 0x00007f860a061000,
0x00007f8609066000, 0x00007f8609075000, 0x00007f860a062000, 0x00007f860a067800,
0x00007f860b053800, 0x00007f8609164800, 0x00007f8609165800, 0x00007f860a80a000,
0x00007f860a84a000, 0x00007f860a86c800, 0x00007f8609411800, 0x00007f860a068800,
0x00007f860a441000, 0x00007f860e099000, 0x00007f860a1e6800, 0x00007f860ed0b000,
0x00007f860e465000
}

Java Threads: ( => current thread )
  0x00007f860b015800 JavaThread "main" [_thread_blocked, id=9987, stack(0x0000700003600000,0x0000700003700000)]
  0x00007f860b04e800 JavaThread "Reference Handler" daemon [_thread_blocked, id=18435, stack(0x0000700003d15000,0x0000700003e15000)]
  0x00007f860a80e000 JavaThread "Finalizer" daemon [_thread_blocked, id=18179, stack(0x0000700003e18000,0x0000700003f18000)]
  0x00007f860a061000 JavaThread "Signal Dispatcher" daemon [_thread_blocked, id=15619, stack(0x0000700004021000,0x0000700004121000)]
  0x00007f8609066000 JavaThread "Service Thread" daemon [_thread_blocked, id=22019, stack(0x0000700004124000,0x0000700004224000)]
  0x00007f8609075000 JavaThread "C2 CompilerThread0" daemon [_thread_in_native, id=22531, stack(0x0000700004227000,0x0000700004327000)]
  0x00007f860a062000 JavaThread "C1 CompilerThread0" daemon [_thread_blocked, id=42243, stack(0x000070000432a000,0x000070000442a000)]
  0x00007f860a067800 JavaThread "Sweeper thread" daemon [_thread_blocked, id=23043, stack(0x000070000442d000,0x000070000452d000)]
  0x00007f860b053800 JavaThread "Common-Cleaner" daemon [_thread_blocked, id=41219, stack(0x0000700004530000,0x0000700004630000)]
  0x00007f8609164800 JavaThread "JDWP Transport Listener: dt_socket" daemon [_thread_blocked, id=24067, stack(0x0000700004736000,0x0000700004836000)]
  0x00007f8609165800 JavaThread "JDWP Event Helper Thread" daemon [_thread_blocked, id=24835, stack(0x0000700004839000,0x0000700004939000)]
  0x00007f860a80a000 JavaThread "JDWP Command Reader" daemon [_thread_in_native, id=25603, stack(0x000070000493c000,0x0000700004a3c000)]
  0x00007f860a84a000 JavaThread "JavaFX-Launcher" [_thread_blocked, id=39683, stack(0x0000700004b42000,0x0000700004c42000)]
  0x00007f860a86c800 JavaThread "QuantumRenderer-0" daemon [_thread_blocked, id=37635, stack(0x0000700004f4e000,0x000070000504e000)]
=>0x00007f8609411800 JavaThread "InvokeLaterDispatcher" daemon [_thread_in_native, id=30471, stack(0x0000700005051000,0x0000700005151000)]
  0x00007f860a068800 JavaThread "JavaFX Application Thread" [_thread_in_native, id=259, stack(0x00007ff7b3f4e000,0x00007ff7b474e000)]
  0x00007f860a441000 JavaThread "Thread-3" daemon [_thread_in_native, id=48647, stack(0x0000700005154000,0x00007000051d4000)]
  0x00007f860e099000 JavaThread "HikariPool-1 housekeeper" daemon [_thread_blocked, id=74243, stack(0x0000700005360000,0x0000700005460000)]
  0x00007f860a1e6800 JavaThread "Prism Font Disposer" daemon [_thread_blocked, id=59147, stack(0x0000700005566000,0x0000700005666000)]
  0x00007f860ed0b000 JavaThread "Cleaner-0" daemon [_thread_blocked, id=64007, stack(0x00007000056ec000,0x00007000057ec000)]
  0x00007f860e465000 JavaThread "C2 CompilerThread1" daemon [_thread_in_native, id=64867, stack(0x0000700004a3f000,0x0000700004b3f000)]

Other Threads:
  0x00007f860a80b000 VMThread "VM Thread" [stack: 0x0000700003c12000,0x0000700003d12000] [id=18691]
  0x00007f860b068800 WatcherThread [stack: 0x0000700004633000,0x0000700004733000] [id=40711]
  0x00007f860b027000 GCTaskThread "GC Thread#0" [stack: 0x0000700003703000,0x0000700003803000] [id=20995]
  0x00007f86091ee800 GCTaskThread "GC Thread#1" [stack: 0x0000700004c45000,0x0000700004d45000] [id=39427]
  0x00007f86091bf000 GCTaskThread "GC Thread#2" [stack: 0x0000700004d48000,0x0000700004e48000] [id=38915]
  0x00007f86091bf800 GCTaskThread "GC Thread#3" [stack: 0x0000700004e4b000,0x0000700004f4b000] [id=38403]
  0x00007f860b047800 ConcurrentGCThread "G1 Main Marker" [stack: 0x0000700003806000,0x0000700003906000] [id=20739]
  0x00007f860a00a000 ConcurrentGCThread "G1 Conc#0" [stack: 0x0000700003909000,0x0000700003a09000] [id=12035]
  0x00007f860900f800 ConcurrentGCThread "G1 Refine#0" [stack: 0x0000700003a0c000,0x0000700003b0c000] [id=12547]
  0x00007f86101a4800 ConcurrentGCThread "G1 Refine#1" [stack: 0x0000700005463000,0x0000700005563000] [id=67083]
  0x00007f860f185800 ConcurrentGCThread "G1 Refine#2" [stack: 0x00007000057ef000,0x00007000058ef000] [id=57383]
  0x00007f860f186800 ConcurrentGCThread "G1 Refine#3" [stack: 0x00007000058f2000,0x00007000059f2000] [id=78243]
  0x00007f8609010800 ConcurrentGCThread "G1 Young RemSet Sampling" [stack: 0x0000700003b0f000,0x0000700003c0f000] [id=19715]

Threads with active compile tasks:
C2 CompilerThread0  14801 4575   !   4       com.sun.javafx.text.PrismTextLayout::layout (1635 bytes)
C2 CompilerThread1  14801 4284   !   4       javafx.scene.CssStyleHelper::transitionToState (1019 bytes)

VM state:not at safepoint (normal execution)

VM Mutex/Monitor currently owned by a thread: None

Heap address: 0x0000000780000000, size: 2048 MB, Compressed Oops mode: Zero based, Oop shift amount: 3
Narrow klass base: 0x0000000800000000, Narrow klass shift: 0
Compressed class space size: 1073741824 Address: 0x0000000800000000

Heap:
 garbage-first heap   total 157696K, used 56052K [0x0000000780000000, 0x0000000800000000)
  region size 1024K, 3 young (3072K), 1 survivors (1024K)
 Metaspace       used 32532K, capacity 33770K, committed 34176K, reserved 1079296K
  class space    used 3833K, capacity 4373K, committed 4480K, reserved 1048576K
Heap Regions: E=young(eden), S=young(survivor), O=old, HS=humongous(starts), HC=humongous(continues), CS=collection set, F=free, A=archive, TAMS=top-at-mark-start (previous, next)
|   0|0x0000000780000000, 0x0000000780100000, 0x0000000780100000|100%| O|  |TAMS 0x000000078005ac00, 0x0000000780000000| Untracked 
|   1|0x0000000780100000, 0x0000000780200000, 0x0000000780200000|100%| O|  |TAMS 0x0000000780100000, 0x0000000780100000| Untracked 
|   2|0x0000000780200000, 0x0000000780300000, 0x0000000780300000|100%| O|  |TAMS 0x0000000780200000, 0x0000000780200000| Untracked 
|   3|0x0000000780300000, 0x0000000780400000, 0x0000000780400000|100%| O|  |TAMS 0x0000000780300000, 0x0000000780300000| Untracked 
|   4|0x0000000780400000, 0x0000000780500000, 0x0000000780500000|100%| O|  |TAMS 0x0000000780400000, 0x0000000780400000| Untracked 
|   5|0x0000000780500000, 0x0000000780600000, 0x0000000780600000|100%| O|  |TAMS 0x0000000780500000, 0x0000000780500000| Untracked 
|   6|0x0000000780600000, 0x0000000780700000, 0x0000000780700000|100%| O|  |TAMS 0x0000000780600000, 0x0000000780600000| Untracked 
|   7|0x0000000780700000, 0x0000000780800000, 0x0000000780800000|100%| O|  |TAMS 0x0000000780700000, 0x0000000780700000| Untracked 
|   8|0x0000000780800000, 0x0000000780900000, 0x0000000780900000|100%| O|  |TAMS 0x0000000780800000, 0x0000000780800000| Untracked 
|   9|0x0000000780900000, 0x0000000780a00000, 0x0000000780a00000|100%| O|  |TAMS 0x0000000780900000, 0x0000000780900000| Untracked 
|  10|0x0000000780a00000, 0x0000000780b00000, 0x0000000780b00000|100%|HS|  |TAMS 0x0000000780a00000, 0x0000000780a00000| Complete 
|  11|0x0000000780b00000, 0x0000000780c00000, 0x0000000780c00000|100%|HC|  |TAMS 0x0000000780b00000, 0x0000000780b00000| Complete 
|  12|0x0000000780c00000, 0x0000000780d00000, 0x0000000780d00000|100%| O|  |TAMS 0x0000000780c00000, 0x0000000780c00000| Untracked 
|  13|0x0000000780d00000, 0x0000000780e00000, 0x0000000780e00000|100%| O|  |TAMS 0x0000000780d00000, 0x0000000780d00000| Untracked 
|  14|0x0000000780e00000, 0x0000000780f00000, 0x0000000780f00000|100%| O|  |TAMS 0x0000000780e00000, 0x0000000780e00000| Untracked 
|  15|0x0000000780f00000, 0x0000000781000000, 0x0000000781000000|100%| O|  |TAMS 0x0000000780f00000, 0x0000000780f00000| Untracked 
|  16|0x0000000781000000, 0x0000000781100000, 0x0000000781100000|100%| O|  |TAMS 0x0000000781000000, 0x0000000781000000| Untracked 
|  17|0x0000000781100000, 0x0000000781200000, 0x0000000781200000|100%| O|  |TAMS 0x0000000781100000, 0x0000000781100000| Untracked 
|  18|0x0000000781200000, 0x0000000781300000, 0x0000000781300000|100%| O|  |TAMS 0x0000000781200000, 0x0000000781200000| Untracked 
|  19|0x0000000781300000, 0x0000000781400000, 0x0000000781400000|100%| O|  |TAMS 0x0000000781300000, 0x0000000781300000| Untracked 
|  20|0x0000000781400000, 0x0000000781500000, 0x0000000781500000|100%| O|  |TAMS 0x0000000781400000, 0x0000000781400000| Untracked 
|  21|0x0000000781500000, 0x0000000781600000, 0x0000000781600000|100%| O|  |TAMS 0x0000000781500000, 0x0000000781500000| Untracked 
|  22|0x0000000781600000, 0x0000000781700000, 0x0000000781700000|100%| O|  |TAMS 0x0000000781600000, 0x0000000781600000| Untracked 
|  23|0x0000000781700000, 0x0000000781800000, 0x0000000781800000|100%| O|  |TAMS 0x0000000781700000, 0x0000000781700000| Untracked 
|  24|0x0000000781800000, 0x0000000781900000, 0x0000000781900000|100%| O|  |TAMS 0x0000000781800000, 0x0000000781800000| Untracked 
|  25|0x0000000781900000, 0x0000000781a00000, 0x0000000781a00000|100%| O|  |TAMS 0x0000000781900000, 0x0000000781900000| Untracked 
|  26|0x0000000781a00000, 0x0000000781b00000, 0x0000000781b00000|100%| O|  |TAMS 0x0000000781a00000, 0x0000000781a00000| Untracked 
|  27|0x0000000781b00000, 0x0000000781c00000, 0x0000000781c00000|100%| O|  |TAMS 0x0000000781b00000, 0x0000000781b00000| Untracked 
|  28|0x0000000781c00000, 0x0000000781d00000, 0x0000000781d00000|100%| O|  |TAMS 0x0000000781c00000, 0x0000000781c00000| Untracked 
|  29|0x0000000781d00000, 0x0000000781e00000, 0x0000000781e00000|100%| O|  |TAMS 0x0000000781d00000, 0x0000000781d00000| Untracked 
|  30|0x0000000781e00000, 0x0000000781f00000, 0x0000000781f00000|100%| O|  |TAMS 0x0000000781e00000, 0x0000000781e00000| Untracked 
|  31|0x0000000781f00000, 0x0000000782000000, 0x0000000782000000|100%| O|  |TAMS 0x0000000781f00000, 0x0000000781f00000| Untracked 
|  32|0x0000000782000000, 0x0000000782100000, 0x0000000782100000|100%| O|  |TAMS 0x0000000782000000, 0x0000000782000000| Untracked 
|  33|0x0000000782100000, 0x0000000782200000, 0x0000000782200000|100%|HS|  |TAMS 0x0000000782100000, 0x0000000782100000| Complete 
|  34|0x0000000782200000, 0x0000000782300000, 0x0000000782300000|100%|HS|  |TAMS 0x0000000782200000, 0x0000000782200000| Complete 
|  35|0x0000000782300000, 0x0000000782400000, 0x0000000782400000|100%| O|  |TAMS 0x0000000782300000, 0x0000000782300000| Untracked 
|  36|0x0000000782400000, 0x0000000782500000, 0x0000000782500000|100%| O|  |TAMS 0x0000000782400000, 0x0000000782400000| Untracked 
|  37|0x0000000782500000, 0x0000000782600000, 0x0000000782600000|100%| O|  |TAMS 0x0000000782500000, 0x0000000782500000| Untracked 
|  38|0x0000000782600000, 0x0000000782700000, 0x0000000782700000|100%| O|  |TAMS 0x0000000782600000, 0x0000000782600000| Untracked 
|  39|0x0000000782700000, 0x0000000782800000, 0x0000000782800000|100%| O|  |TAMS 0x0000000782700000, 0x0000000782700000| Untracked 
|  40|0x0000000782800000, 0x0000000782900000, 0x0000000782900000|100%| O|  |TAMS 0x0000000782800000, 0x0000000782800000| Untracked 
|  41|0x0000000782900000, 0x0000000782a00000, 0x0000000782a00000|100%| O|  |TAMS 0x0000000782900000, 0x0000000782900000| Untracked 
|  42|0x0000000782a00000, 0x0000000782b00000, 0x0000000782b00000|100%| O|  |TAMS 0x0000000782a00000, 0x0000000782a00000| Untracked 
|  43|0x0000000782b00000, 0x0000000782c00000, 0x0000000782c00000|100%| O|  |TAMS 0x0000000782b00000, 0x0000000782b00000| Untracked 
|  44|0x0000000782c00000, 0x0000000782d00000, 0x0000000782d00000|100%| O|  |TAMS 0x0000000782c00000, 0x0000000782c00000| Untracked 
|  45|0x0000000782d00000, 0x0000000782e00000, 0x0000000782e00000|100%| O|  |TAMS 0x0000000782d00000, 0x0000000782d00000| Untracked 
|  46|0x0000000782e00000, 0x0000000782f00000, 0x0000000782f00000|100%| O|  |TAMS 0x0000000782e00000, 0x0000000782e00000| Untracked 
|  47|0x0000000782f00000, 0x0000000783000000, 0x0000000783000000|100%| O|  |TAMS 0x0000000782f00000, 0x0000000782f00000| Untracked 
|  48|0x0000000783000000, 0x0000000783100000, 0x0000000783100000|100%| O|  |TAMS 0x0000000783000000, 0x0000000783000000| Untracked 
|  49|0x0000000783100000, 0x0000000783200000, 0x0000000783200000|100%| O|  |TAMS 0x0000000783100000, 0x0000000783100000| Untracked 
|  50|0x0000000783200000, 0x0000000783300000, 0x0000000783300000|100%| O|  |TAMS 0x0000000783200000, 0x0000000783200000| Untracked 
|  51|0x0000000783300000, 0x0000000783400000, 0x0000000783400000|100%| O|  |TAMS 0x0000000783300000, 0x0000000783300000| Untracked 
|  52|0x0000000783400000, 0x0000000783500000, 0x0000000783500000|100%| O|  |TAMS 0x0000000783400000, 0x0000000783400000| Untracked 
|  53|0x0000000783500000, 0x0000000783500000, 0x0000000783600000|  0%| F|  |TAMS 0x0000000783500000, 0x0000000783500000| Untracked 
|  54|0x0000000783600000, 0x0000000783600000, 0x0000000783700000|  0%| F|  |TAMS 0x0000000783600000, 0x0000000783600000| Untracked 
|  55|0x0000000783700000, 0x0000000783700000, 0x0000000783800000|  0%| F|  |TAMS 0x0000000783700000, 0x0000000783700000| Untracked 
|  56|0x0000000783800000, 0x0000000783800000, 0x0000000783900000|  0%| F|  |TAMS 0x0000000783800000, 0x0000000783800000| Untracked 
|  57|0x0000000783900000, 0x0000000783900000, 0x0000000783a00000|  0%| F|  |TAMS 0x0000000783900000, 0x0000000783900000| Untracked 
|  58|0x0000000783a00000, 0x0000000783a00000, 0x0000000783b00000|  0%| F|  |TAMS 0x0000000783a00000, 0x0000000783a00000| Untracked 
|  59|0x0000000783b00000, 0x0000000783b00000, 0x0000000783c00000|  0%| F|  |TAMS 0x0000000783b00000, 0x0000000783b00000| Untracked 
|  60|0x0000000783c00000, 0x0000000783c00000, 0x0000000783d00000|  0%| F|  |TAMS 0x0000000783c00000, 0x0000000783c00000| Untracked 
|  61|0x0000000783d00000, 0x0000000783d00000, 0x0000000783e00000|  0%| F|  |TAMS 0x0000000783d00000, 0x0000000783d00000| Untracked 
|  62|0x0000000783e00000, 0x0000000783e00000, 0x0000000783f00000|  0%| F|  |TAMS 0x0000000783e00000, 0x0000000783e00000| Untracked 
|  63|0x0000000783f00000, 0x0000000783f00000, 0x0000000784000000|  0%| F|  |TAMS 0x0000000783f00000, 0x0000000783f00000| Untracked 
|  64|0x0000000784000000, 0x0000000784000000, 0x0000000784100000|  0%| F|  |TAMS 0x0000000784000000, 0x0000000784000000| Untracked 
|  65|0x0000000784100000, 0x0000000784100000, 0x0000000784200000|  0%| F|  |TAMS 0x0000000784100000, 0x0000000784100000| Untracked 
|  66|0x0000000784200000, 0x0000000784200000, 0x0000000784300000|  0%| F|  |TAMS 0x0000000784200000, 0x0000000784200000| Untracked 
|  67|0x0000000784300000, 0x0000000784300000, 0x0000000784400000|  0%| F|  |TAMS 0x0000000784300000, 0x0000000784300000| Untracked 
|  68|0x0000000784400000, 0x0000000784400000, 0x0000000784500000|  0%| F|  |TAMS 0x0000000784400000, 0x0000000784400000| Untracked 
|  69|0x0000000784500000, 0x0000000784500000, 0x0000000784600000|  0%| F|  |TAMS 0x0000000784500000, 0x0000000784500000| Untracked 
|  70|0x0000000784600000, 0x0000000784600000, 0x0000000784700000|  0%| F|  |TAMS 0x0000000784600000, 0x0000000784600000| Untracked 
|  71|0x0000000784700000, 0x0000000784700000, 0x0000000784800000|  0%| F|  |TAMS 0x0000000784700000, 0x0000000784700000| Untracked 
|  72|0x0000000784800000, 0x0000000784800000, 0x0000000784900000|  0%| F|  |TAMS 0x0000000784800000, 0x0000000784800000| Untracked 
|  73|0x0000000784900000, 0x0000000784900000, 0x0000000784a00000|  0%| F|  |TAMS 0x0000000784900000, 0x0000000784900000| Untracked 
|  74|0x0000000784a00000, 0x0000000784a00000, 0x0000000784b00000|  0%| F|  |TAMS 0x0000000784a00000, 0x0000000784a00000| Untracked 
|  75|0x0000000784b00000, 0x0000000784b00000, 0x0000000784c00000|  0%| F|  |TAMS 0x0000000784b00000, 0x0000000784b00000| Untracked 
|  76|0x0000000784c00000, 0x0000000784c00000, 0x0000000784d00000|  0%| F|  |TAMS 0x0000000784c00000, 0x0000000784c00000| Untracked 
|  77|0x0000000784d00000, 0x0000000784d00000, 0x0000000784e00000|  0%| F|  |TAMS 0x0000000784d00000, 0x0000000784d00000| Untracked 
|  78|0x0000000784e00000, 0x0000000784e00000, 0x0000000784f00000|  0%| F|  |TAMS 0x0000000784e00000, 0x0000000784e00000| Untracked 
|  79|0x0000000784f00000, 0x0000000784f00000, 0x0000000785000000|  0%| F|  |TAMS 0x0000000784f00000, 0x0000000784f00000| Untracked 
|  80|0x0000000785000000, 0x0000000785000000, 0x0000000785100000|  0%| F|  |TAMS 0x0000000785000000, 0x0000000785000000| Untracked 
|  81|0x0000000785100000, 0x0000000785100000, 0x0000000785200000|  0%| F|  |TAMS 0x0000000785100000, 0x0000000785100000| Untracked 
|  82|0x0000000785200000, 0x0000000785200000, 0x0000000785300000|  0%| F|  |TAMS 0x0000000785200000, 0x0000000785200000| Untracked 
|  83|0x0000000785300000, 0x0000000785300000, 0x0000000785400000|  0%| F|  |TAMS 0x0000000785300000, 0x0000000785300000| Untracked 
|  84|0x0000000785400000, 0x0000000785400000, 0x0000000785500000|  0%| F|  |TAMS 0x0000000785400000, 0x0000000785400000| Untracked 
|  85|0x0000000785500000, 0x0000000785500000, 0x0000000785600000|  0%| F|  |TAMS 0x0000000785500000, 0x0000000785500000| Untracked 
|  86|0x0000000785600000, 0x0000000785600000, 0x0000000785700000|  0%| F|  |TAMS 0x0000000785600000, 0x0000000785600000| Untracked 
|  87|0x0000000785700000, 0x0000000785700000, 0x0000000785800000|  0%| F|  |TAMS 0x0000000785700000, 0x0000000785700000| Untracked 
|  88|0x0000000785800000, 0x0000000785800000, 0x0000000785900000|  0%| F|  |TAMS 0x0000000785800000, 0x0000000785800000| Untracked 
|  89|0x0000000785900000, 0x0000000785900000, 0x0000000785a00000|  0%| F|  |TAMS 0x0000000785900000, 0x0000000785900000| Untracked 
|  90|0x0000000785a00000, 0x0000000785a00000, 0x0000000785b00000|  0%| F|  |TAMS 0x0000000785a00000, 0x0000000785a00000| Untracked 
|  91|0x0000000785b00000, 0x0000000785b00000, 0x0000000785c00000|  0%| F|  |TAMS 0x0000000785b00000, 0x0000000785b00000| Untracked 
|  92|0x0000000785c00000, 0x0000000785c00000, 0x0000000785d00000|  0%| F|  |TAMS 0x0000000785c00000, 0x0000000785c00000| Untracked 
|  93|0x0000000785d00000, 0x0000000785d00000, 0x0000000785e00000|  0%| F|  |TAMS 0x0000000785d00000, 0x0000000785d00000| Untracked 
|  94|0x0000000785e00000, 0x0000000785e00000, 0x0000000785f00000|  0%| F|  |TAMS 0x0000000785e00000, 0x0000000785e00000| Untracked 
|  95|0x0000000785f00000, 0x0000000785f00000, 0x0000000786000000|  0%| F|  |TAMS 0x0000000785f00000, 0x0000000785f00000| Untracked 
|  96|0x0000000786000000, 0x0000000786000000, 0x0000000786100000|  0%| F|  |TAMS 0x0000000786000000, 0x0000000786000000| Untracked 
|  97|0x0000000786100000, 0x0000000786100000, 0x0000000786200000|  0%| F|  |TAMS 0x0000000786100000, 0x0000000786100000| Untracked 
|  98|0x0000000786200000, 0x0000000786200000, 0x0000000786300000|  0%| F|  |TAMS 0x0000000786200000, 0x0000000786200000| Untracked 
|  99|0x0000000786300000, 0x0000000786300000, 0x0000000786400000|  0%| F|  |TAMS 0x0000000786300000, 0x0000000786300000| Untracked 
| 100|0x0000000786400000, 0x0000000786400000, 0x0000000786500000|  0%| F|  |TAMS 0x0000000786400000, 0x0000000786400000| Untracked 
| 101|0x0000000786500000, 0x0000000786500000, 0x0000000786600000|  0%| F|  |TAMS 0x0000000786500000, 0x0000000786500000| Untracked 
| 102|0x0000000786600000, 0x0000000786600000, 0x0000000786700000|  0%| F|  |TAMS 0x0000000786600000, 0x0000000786600000| Untracked 
| 103|0x0000000786700000, 0x0000000786700000, 0x0000000786800000|  0%| F|  |TAMS 0x0000000786700000, 0x0000000786700000| Untracked 
| 104|0x0000000786800000, 0x0000000786800000, 0x0000000786900000|  0%| F|  |TAMS 0x0000000786800000, 0x0000000786800000| Untracked 
| 105|0x0000000786900000, 0x0000000786900000, 0x0000000786a00000|  0%| F|  |TAMS 0x0000000786900000, 0x0000000786900000| Untracked 
| 106|0x0000000786a00000, 0x0000000786a00000, 0x0000000786b00000|  0%| F|  |TAMS 0x0000000786a00000, 0x0000000786a00000| Untracked 
| 107|0x0000000786b00000, 0x0000000786b00000, 0x0000000786c00000|  0%| F|  |TAMS 0x0000000786b00000, 0x0000000786b00000| Untracked 
| 108|0x0000000786c00000, 0x0000000786c00000, 0x0000000786d00000|  0%| F|  |TAMS 0x0000000786c00000, 0x0000000786c00000| Untracked 
| 109|0x0000000786d00000, 0x0000000786d00000, 0x0000000786e00000|  0%| F|  |TAMS 0x0000000786d00000, 0x0000000786d00000| Untracked 
| 110|0x0000000786e00000, 0x0000000786e00000, 0x0000000786f00000|  0%| F|  |TAMS 0x0000000786e00000, 0x0000000786e00000| Untracked 
| 111|0x0000000786f00000, 0x0000000786f00000, 0x0000000787000000|  0%| F|  |TAMS 0x0000000786f00000, 0x0000000786f00000| Untracked 
| 112|0x0000000787000000, 0x0000000787000000, 0x0000000787100000|  0%| F|  |TAMS 0x0000000787000000, 0x0000000787000000| Untracked 
| 113|0x0000000787100000, 0x0000000787100000, 0x0000000787200000|  0%| F|  |TAMS 0x0000000787100000, 0x0000000787100000| Untracked 
| 114|0x0000000787200000, 0x0000000787200000, 0x0000000787300000|  0%| F|  |TAMS 0x0000000787200000, 0x0000000787200000| Untracked 
| 115|0x0000000787300000, 0x0000000787300000, 0x0000000787400000|  0%| F|  |TAMS 0x0000000787300000, 0x0000000787300000| Untracked 
| 116|0x0000000787400000, 0x0000000787400000, 0x0000000787500000|  0%| F|  |TAMS 0x0000000787400000, 0x0000000787400000| Untracked 
| 117|0x0000000787500000, 0x0000000787500000, 0x0000000787600000|  0%| F|  |TAMS 0x0000000787500000, 0x0000000787500000| Untracked 
| 118|0x0000000787600000, 0x0000000787600000, 0x0000000787700000|  0%| F|  |TAMS 0x0000000787600000, 0x0000000787600000| Untracked 
| 119|0x0000000787700000, 0x0000000787700000, 0x0000000787800000|  0%| F|  |TAMS 0x0000000787700000, 0x0000000787700000| Untracked 
| 120|0x0000000787800000, 0x0000000787800000, 0x0000000787900000|  0%| F|  |TAMS 0x0000000787800000, 0x0000000787800000| Untracked 
| 121|0x0000000787900000, 0x0000000787900000, 0x0000000787a00000|  0%| F|  |TAMS 0x0000000787900000, 0x0000000787900000| Untracked 
| 122|0x0000000787a00000, 0x0000000787a00000, 0x0000000787b00000|  0%| F|  |TAMS 0x0000000787a00000, 0x0000000787a00000| Untracked 
| 123|0x0000000787b00000, 0x0000000787b00000, 0x0000000787c00000|  0%| F|  |TAMS 0x0000000787b00000, 0x0000000787b00000| Untracked 
| 124|0x0000000787c00000, 0x0000000787c00000, 0x0000000787d00000|  0%| F|  |TAMS 0x0000000787c00000, 0x0000000787c00000| Untracked 
| 125|0x0000000787d00000, 0x0000000787d00000, 0x0000000787e00000|  0%| F|  |TAMS 0x0000000787d00000, 0x0000000787d00000| Untracked 
| 126|0x0000000787e00000, 0x0000000787e00000, 0x0000000787f00000|  0%| F|  |TAMS 0x0000000787e00000, 0x0000000787e00000| Untracked 
| 127|0x0000000787f00000, 0x0000000787f00000, 0x0000000788000000|  0%| F|  |TAMS 0x0000000787f00000, 0x0000000787f00000| Untracked 
| 128|0x0000000788000000, 0x0000000788000000, 0x0000000788100000|  0%| F|  |TAMS 0x0000000788000000, 0x0000000788000000| Untracked 
| 129|0x0000000788100000, 0x0000000788100000, 0x0000000788200000|  0%| F|  |TAMS 0x0000000788100000, 0x0000000788100000| Untracked 
| 130|0x0000000788200000, 0x0000000788200000, 0x0000000788300000|  0%| F|  |TAMS 0x0000000788200000, 0x0000000788200000| Untracked 
| 131|0x0000000788300000, 0x0000000788300000, 0x0000000788400000|  0%| F|  |TAMS 0x0000000788300000, 0x0000000788300000| Untracked 
| 132|0x0000000788400000, 0x0000000788400000, 0x0000000788500000|  0%| F|  |TAMS 0x0000000788400000, 0x0000000788400000| Untracked 
| 133|0x0000000788500000, 0x0000000788500000, 0x0000000788600000|  0%| F|  |TAMS 0x0000000788500000, 0x0000000788500000| Untracked 
| 134|0x0000000788600000, 0x0000000788600000, 0x0000000788700000|  0%| F|  |TAMS 0x0000000788600000, 0x0000000788600000| Untracked 
| 135|0x0000000788700000, 0x0000000788700000, 0x0000000788800000|  0%| F|  |TAMS 0x0000000788700000, 0x0000000788700000| Untracked 
| 136|0x0000000788800000, 0x0000000788800000, 0x0000000788900000|  0%| F|  |TAMS 0x0000000788800000, 0x0000000788800000| Untracked 
| 137|0x0000000788900000, 0x0000000788900000, 0x0000000788a00000|  0%| F|  |TAMS 0x0000000788900000, 0x0000000788900000| Untracked 
| 138|0x0000000788a00000, 0x0000000788a00000, 0x0000000788b00000|  0%| F|  |TAMS 0x0000000788a00000, 0x0000000788a00000| Untracked 
| 139|0x0000000788b00000, 0x0000000788b00000, 0x0000000788c00000|  0%| F|  |TAMS 0x0000000788b00000, 0x0000000788b00000| Untracked 
| 140|0x0000000788c00000, 0x0000000788c00000, 0x0000000788d00000|  0%| F|  |TAMS 0x0000000788c00000, 0x0000000788c00000| Untracked 
| 141|0x0000000788d00000, 0x0000000788d00000, 0x0000000788e00000|  0%| F|  |TAMS 0x0000000788d00000, 0x0000000788d00000| Untracked 
| 142|0x0000000788e00000, 0x0000000788e00000, 0x0000000788f00000|  0%| F|  |TAMS 0x0000000788e00000, 0x0000000788e00000| Untracked 
| 143|0x0000000788f00000, 0x0000000788fbd0f0, 0x0000000789000000| 73%| S|CS|TAMS 0x0000000788f00000, 0x0000000788f00000| Complete 
| 144|0x0000000789000000, 0x0000000789000000, 0x0000000789100000|  0%| F|  |TAMS 0x0000000789000000, 0x0000000789000000| Untracked 
| 145|0x0000000789100000, 0x0000000789100000, 0x0000000789200000|  0%| F|  |TAMS 0x0000000789100000, 0x0000000789100000| Untracked 
| 146|0x0000000789200000, 0x0000000789200000, 0x0000000789300000|  0%| F|  |TAMS 0x0000000789200000, 0x0000000789200000| Untracked 
| 147|0x0000000789300000, 0x0000000789300000, 0x0000000789400000|  0%| F|  |TAMS 0x0000000789300000, 0x0000000789300000| Untracked 
| 148|0x0000000789400000, 0x0000000789400000, 0x0000000789500000|  0%| F|  |TAMS 0x0000000789400000, 0x0000000789400000| Untracked 
| 149|0x0000000789500000, 0x0000000789500000, 0x0000000789600000|  0%| F|  |TAMS 0x0000000789500000, 0x0000000789500000| Untracked 
| 150|0x0000000789600000, 0x0000000789600000, 0x0000000789700000|  0%| F|  |TAMS 0x0000000789600000, 0x0000000789600000| Untracked 
| 151|0x0000000789700000, 0x0000000789700000, 0x0000000789800000|  0%| F|  |TAMS 0x0000000789700000, 0x0000000789700000| Untracked 
| 152|0x0000000789800000, 0x000000078989eba0, 0x0000000789900000| 62%| E|  |TAMS 0x0000000789800000, 0x0000000789800000| Complete 
| 153|0x0000000789900000, 0x0000000789a00000, 0x0000000789a00000|100%| E|CS|TAMS 0x0000000789900000, 0x0000000789900000| Complete 

Card table byte_map: [0x000000010c2b5000,0x000000010c6b5000] _byte_map_base: 0x00000001086b5000

Marking Bits (Prev, Next): (CMBitMap*) 0x00007f860b03ee50, (CMBitMap*) 0x00007f860b03ee18
 Prev Bits: [0x0000000127578000, 0x0000000129578000)
 Next Bits: [0x0000000125578000, 0x0000000127578000)

Polling page: 0x000000010b8f1000

Metaspace:

Usage:
  Non-class:     28.71 MB capacity,    28.03 MB ( 98%) used,   554.27 KB (  2%) free+waste,   144.19 KB ( <1%) overhead. 
      Class:      4.27 MB capacity,     3.74 MB ( 88%) used,   468.96 KB ( 11%) free+waste,    70.31 KB (  2%) overhead. 
       Both:     32.98 MB capacity,    31.77 MB ( 96%) used,  1023.23 KB (  3%) free+waste,   214.50 KB ( <1%) overhead. 

Virtual space:
  Non-class space:       30.00 MB reserved,      29.00 MB ( 97%) committed 
      Class space:        1.00 GB reserved,       4.38 MB ( <1%) committed 
             Both:        1.03 GB reserved,      33.38 MB (  3%) committed 

Chunk freelists:
   Non-Class:  99.00 KB
       Class:  11.00 KB
        Both:  110.00 KB

MaxMetaspaceSize: unlimited
CompressedClassSpaceSize: 1.00 GB
Initial GC threshold: 20.80 MB
Current GC threshold: 35.00 MB
CDS: off

CodeHeap 'non-profiled nmethods': size=120032Kb used=2569Kb max_used=2569Kb free=117462Kb
 bounds [0x000000011e040000, 0x000000011e2d0000, 0x0000000125578000]
CodeHeap 'profiled nmethods': size=120032Kb used=9657Kb max_used=9657Kb free=110374Kb
 bounds [0x0000000116b08000, 0x0000000117478000, 0x000000011e040000]
CodeHeap 'non-nmethods': size=5696Kb used=1528Kb max_used=1590Kb free=4167Kb
 bounds [0x0000000116578000, 0x00000001167e8000, 0x0000000116b08000]
 total_blobs=5373 nmethods=4557 adapters=737
 compilation: enabled
              stopped_count=0, restarted_count=0
 full_count=0

Compilation events (20 events):
Event: 14.762 Thread 0x00007f860a062000 nmethod 4592 0x0000000117468490 code [0x00000001174686a0, 0x0000000117468a40]
Event: 14.762 Thread 0x00007f860a062000 4594       2       javafx.scene.Scene$ScenePulseListener::syncAll (121 bytes)
Event: 14.763 Thread 0x00007f860a062000 nmethod 4594 0x0000000117468c90 code [0x0000000117468f00, 0x0000000117469520]
Event: 14.763 Thread 0x00007f860a062000 4593       2       com.sun.scenario.effect.Effect::setInput (62 bytes)
Event: 14.764 Thread 0x00007f860a062000 nmethod 4593 0x0000000117469910 code [0x0000000117469b00, 0x0000000117469d90]
Event: 14.764 Thread 0x00007f860a062000 4595       2       com.sun.javafx.text.TextRun::getLineBounds (8 bytes)
Event: 14.765 Thread 0x00007f860a062000 nmethod 4595 0x0000000117469f10 code [0x000000011746a0c0, 0x000000011746a1d0]
Event: 14.765 Thread 0x00007f860a062000 4596       2       java.nio.MappedByteBuffer::<init> (15 bytes)
Event: 14.765 Thread 0x00007f860a062000 nmethod 4596 0x000000011746a290 code [0x000000011746a440, 0x000000011746a5e0]
Event: 14.765 Thread 0x00007f860a062000 4597       2       java.nio.ByteBuffer::<init> (12 bytes)
Event: 14.766 Thread 0x00007f860a062000 nmethod 4597 0x000000011746a690 code [0x000000011746a840, 0x000000011746a980]
Event: 14.766 Thread 0x00007f860a062000 4598       2       com.sun.javafx.sg.prism.NGRegion::getImageCache (77 bytes)
Event: 14.767 Thread 0x00007f860a062000 nmethod 4598 0x000000011746aa10 code [0x000000011746ac20, 0x000000011746afe0]
Event: 14.767 Thread 0x00007f860a062000 4599       2       com.sun.javafx.sg.prism.RegionImageCache::isImageCachable (38 bytes)
Event: 14.767 Thread 0x00007f860a062000 nmethod 4599 0x000000011746b310 code [0x000000011746b4c0, 0x000000011746b610]
Event: 14.767 Thread 0x00007f860a062000 4602       2       com.sun.javafx.geom.transform.Affine2D::getDegree (4 bytes)
Event: 14.767 Thread 0x00007f860a062000 nmethod 4602 0x000000011746b690 code [0x000000011746b840, 0x000000011746b930]
Event: 14.767 Thread 0x00007f860a062000 4600       2       com.sun.javafx.sg.prism.NGRegion::getCacheKey (65 bytes)
Event: 14.768 Thread 0x00007f860a062000 nmethod 4600 0x000000011746ba10 code [0x000000011746bbe0, 0x000000011746bec0]
Event: 14.768 Thread 0x00007f860a062000 4606       2       com.sun.javafx.sg.prism.NGText::renderText (523 bytes)

GC Heap History (16 events):
Event: 1.341 GC heap before
{Heap before GC invocations=0 (full 0):
 garbage-first heap   total 131072K, used 14336K [0x0000000780000000, 0x0000000800000000)
  region size 1024K, 14 young (14336K), 0 survivors (0K)
 Metaspace       used 10492K, capacity 10652K, committed 10752K, reserved 1058816K
  class space    used 921K, capacity 973K, committed 1024K, reserved 1048576K
}
Event: 1.347 GC heap after
{Heap after GC invocations=1 (full 0):
 garbage-first heap   total 131072K, used 2411K [0x0000000780000000, 0x0000000800000000)
  region size 1024K, 2 young (2048K), 2 survivors (2048K)
 Metaspace       used 10492K, capacity 10652K, committed 10752K, reserved 1058816K
  class space    used 921K, capacity 973K, committed 1024K, reserved 1048576K
}
Event: 3.114 GC heap before
{Heap before GC invocations=1 (full 0):
 garbage-first heap   total 131072K, used 61803K [0x0000000780000000, 0x0000000800000000)
  region size 1024K, 62 young (63488K), 2 survivors (2048K)
 Metaspace       used 20524K, capacity 21038K, committed 21248K, reserved 1069056K
  class space    used 2239K, capacity 2480K, committed 2560K, reserved 1048576K
}
Event: 3.131 GC heap after
{Heap after GC invocations=2 (full 0):
 garbage-first heap   total 131072K, used 6917K [0x0000000780000000, 0x0000000800000000)
  region size 1024K, 7 young (7168K), 7 survivors (7168K)
 Metaspace       used 20524K, capacity 21038K, committed 21248K, reserved 1069056K
  class space    used 2239K, capacity 2480K, committed 2560K, reserved 1048576K
}
Event: 3.618 GC heap before
{Heap before GC invocations=3 (full 0):
 garbage-first heap   total 131072K, used 35589K [0x0000000780000000, 0x0000000800000000)
  region size 1024K, 35 young (35840K), 7 survivors (7168K)
 Metaspace       used 23176K, capacity 23749K, committed 24064K, reserved 1071104K
  class space    used 2502K, capacity 2724K, committed 2816K, reserved 1048576K
}
Event: 3.636 GC heap after
{Heap after GC invocations=4 (full 0):
 garbage-first heap   total 131072K, used 14857K [0x0000000780000000, 0x0000000800000000)
  region size 1024K, 5 young (5120K), 5 survivors (5120K)
 Metaspace       used 23176K, capacity 23749K, committed 24064K, reserved 1071104K
  class space    used 2502K, capacity 2724K, committed 2816K, reserved 1048576K
}
Event: 6.133 GC heap before
{Heap before GC invocations=4 (full 0):
 garbage-first heap   total 131072K, used 77321K [0x0000000780000000, 0x0000000800000000)
  region size 1024K, 64 young (65536K), 5 survivors (5120K)
 Metaspace       used 30945K, capacity 32103K, committed 32256K, reserved 1077248K
  class space    used 3770K, capacity 4269K, committed 4352K, reserved 1048576K
}
Event: 6.145 GC heap after
{Heap after GC invocations=5 (full 0):
 garbage-first heap   total 131072K, used 21421K [0x0000000780000000, 0x0000000800000000)
  region size 1024K, 4 young (4096K), 4 survivors (4096K)
 Metaspace       used 30945K, capacity 32103K, committed 32256K, reserved 1077248K
  class space    used 3770K, capacity 4269K, committed 4352K, reserved 1048576K
}
Event: 11.100 GC heap before
{Heap before GC invocations=5 (full 0):
 garbage-first heap   total 131072K, used 84909K [0x0000000780000000, 0x0000000800000000)
  region size 1024K, 66 young (67584K), 4 survivors (4096K)
 Metaspace       used 32008K, capacity 33240K, committed 33664K, reserved 1079296K
  class space    used 3832K, capacity 4371K, committed 4480K, reserved 1048576K
}
Event: 11.139 GC heap after
{Heap after GC invocations=6 (full 0):
 garbage-first heap   total 131072K, used 42246K [0x0000000780000000, 0x0000000800000000)
  region size 1024K, 9 young (9216K), 9 survivors (9216K)
 Metaspace       used 32008K, capacity 33240K, committed 33664K, reserved 1079296K
  class space    used 3832K, capacity 4371K, committed 4480K, reserved 1048576K
}
Event: 11.323 GC heap before
{Heap before GC invocations=6 (full 0):
 garbage-first heap   total 131072K, used 56582K [0x0000000780000000, 0x0000000800000000)
  region size 1024K, 21 young (21504K), 9 survivors (9216K)
 Metaspace       used 32100K, capacity 33305K, committed 33664K, reserved 1079296K
  class space    used 3832K, capacity 4371K, committed 4480K, reserved 1048576K
}
Event: 11.390 GC heap after
{Heap after GC invocations=7 (full 0):
 garbage-first heap   total 131072K, used 53760K [0x0000000780000000, 0x0000000800000000)
  region size 1024K, 3 young (3072K), 3 survivors (3072K)
 Metaspace       used 32100K, capacity 33305K, committed 33664K, reserved 1079296K
  class space    used 3832K, capacity 4371K, committed 4480K, reserved 1048576K
}
Event: 11.536 GC heap before
{Heap before GC invocations=7 (full 0):
 garbage-first heap   total 131072K, used 56832K [0x0000000780000000, 0x0000000800000000)
  region size 1024K, 6 young (6144K), 3 survivors (3072K)
 Metaspace       used 32197K, capacity 33434K, committed 33664K, reserved 1079296K
  class space    used 3832K, capacity 4371K, committed 4480K, reserved 1048576K
}
Event: 11.552 GC heap after
{Heap after GC invocations=8 (full 0):
 garbage-first heap   total 157696K, used 55259K [0x0000000780000000, 0x0000000800000000)
  region size 1024K, 1 young (1024K), 1 survivors (1024K)
 Metaspace       used 32197K, capacity 33434K, committed 33664K, reserved 1079296K
  class space    used 3832K, capacity 4371K, committed 4480K, reserved 1048576K
}
Event: 14.725 GC heap before
{Heap before GC invocations=8 (full 0):
 garbage-first heap   total 157696K, used 65499K [0x0000000780000000, 0x0000000800000000)
  region size 1024K, 11 young (11264K), 1 survivors (1024K)
 Metaspace       used 32503K, capacity 33706K, committed 33920K, reserved 1079296K
  class space    used 3833K, capacity 4373K, committed 4480K, reserved 1048576K
}
Event: 14.728 GC heap after
{Heap after GC invocations=9 (full 0):
 garbage-first heap   total 157696K, used 55028K [0x0000000780000000, 0x0000000800000000)
  region size 1024K, 1 young (1024K), 1 survivors (1024K)
 Metaspace       used 32503K, capacity 33706K, committed 33920K, reserved 1079296K
  class space    used 3833K, capacity 4373K, committed 4480K, reserved 1048576K
}

Deoptimization events (20 events):
Event: 12.637 Thread 0x00007f860a068800 DEOPT PACKING pc=0x000000011e2851a4 sp=0x00007ff7b4746470
Event: 12.637 Thread 0x00007f860a068800 DEOPT UNPACKING pc=0x00000001165c1ea5 sp=0x00007ff7b47464b8 mode 2
Event: 12.679 Thread 0x00007f860a068800 DEOPT PACKING pc=0x0000000116fab58e sp=0x00007ff7b4746860
Event: 12.679 Thread 0x00007f860a068800 DEOPT UNPACKING pc=0x00000001165c264a sp=0x00007ff7b4745d68 mode 0
Event: 12.687 Thread 0x00007f860a068800 DEOPT PACKING pc=0x0000000116fab58e sp=0x00007ff7b4746690
Event: 12.687 Thread 0x00007f860a068800 DEOPT UNPACKING pc=0x00000001165c264a sp=0x00007ff7b4745b98 mode 0
Event: 12.759 Thread 0x00007f860a86c800 DEOPT PACKING pc=0x0000000117061a5d sp=0x000070000504a6f0
Event: 12.759 Thread 0x00007f860a86c800 DEOPT UNPACKING pc=0x00000001165c264a sp=0x0000700005049ba0 mode 0
Event: 12.759 Thread 0x00007f860a86c800 DEOPT PACKING pc=0x0000000117157499 sp=0x000070000504a8a0
Event: 12.759 Thread 0x00007f860a86c800 DEOPT UNPACKING pc=0x00000001165c264a sp=0x0000700005049d88 mode 0
Event: 13.105 Thread 0x00007f860a86c800 DEOPT PACKING pc=0x0000000117061a5d sp=0x000070000504a6f0
Event: 13.105 Thread 0x00007f860a86c800 DEOPT UNPACKING pc=0x00000001165c264a sp=0x0000700005049ba0 mode 0
Event: 14.574 Thread 0x00007f860a068800 DEOPT PACKING pc=0x0000000116fab58e sp=0x00007ff7b4746140
Event: 14.574 Thread 0x00007f860a068800 DEOPT UNPACKING pc=0x00000001165c264a sp=0x00007ff7b4745648 mode 0
Event: 14.636 Thread 0x00007f860a068800 DEOPT PACKING pc=0x0000000116fab58e sp=0x00007ff7b4746560
Event: 14.636 Thread 0x00007f860a068800 DEOPT UNPACKING pc=0x00000001165c264a sp=0x00007ff7b4745a68 mode 0
Event: 14.660 Thread 0x00007f860a068800 DEOPT PACKING pc=0x0000000116fab58e sp=0x00007ff7b4745fc0
Event: 14.660 Thread 0x00007f860a068800 DEOPT UNPACKING pc=0x00000001165c264a sp=0x00007ff7b47454c8 mode 0
Event: 14.766 Thread 0x00007f860a86c800 DEOPT PACKING pc=0x0000000117157499 sp=0x000070000504a700
Event: 14.766 Thread 0x00007f860a86c800 DEOPT UNPACKING pc=0x00000001165c264a sp=0x0000700005049be8 mode 0

Classes redefined (0 events):
No events

Internal exceptions (20 events):
Event: 3.179 Thread 0x00007f860a068800 Exception <a 'java/lang/NoClassDefFoundError'{0x0000000787db42c8}: com/sun/jna/Platform> (0x0000000787db42c8) thrown at [./src/hotspot/share/classfile/systemDictionary.cpp, line 219]
Event: 3.235 Thread 0x00007f860a068800 Exception <a 'java/lang/NoSuchMethodError'{0x0000000787989550}: 'java.lang.Object java.lang.invoke.DirectMethodHandle$Holder.invokeStaticInit(java.lang.Object, java.lang.Object, long, java.lang.Object)'> (0x0000000787989550) thrown at [./src/hotspot/share/interpreter/linkResolver.cpp, line 773]
Event: 3.236 Thread 0x00007f860a068800 Exception <a 'java/lang/NoSuchMethodError'{0x00000007879954a8}: 'java.lang.Object java.lang.invoke.Invokers$Holder.linkToTargetMethod(java.lang.Object, long, java.lang.Object)'> (0x00000007879954a8) thrown at [./src/hotspot/share/interpreter/linkResolver.cpp, line 773]
Event: 3.243 Thread 0x00007f860a068800 Exception <a 'java/lang/NoClassDefFoundError'{0x00000007879d69e0}: com/sun/jna/Platform> (0x00000007879d69e0) thrown at [./src/hotspot/share/classfile/systemDictionary.cpp, line 219]
Event: 3.267 Thread 0x00007f860a068800 Implicit null exception at 0x000000011e0e397e to 0x000000011e0e4bd8
Event: 3.267 Thread 0x00007f860a068800 Implicit null exception at 0x000000011e04c02f to 0x000000011e04c0ad
Event: 3.674 Thread 0x00007f860a068800 Implicit null exception at 0x000000011e0c5396 to 0x000000011e0c5958
Event: 3.860 Thread 0x00007f860a068800 Exception <a 'java/io/FileNotFoundException'{0x0000000787443798}> (0x0000000787443798) thrown at [./src/hotspot/share/prims/jni.cpp, line 616]
Event: 4.177 Thread 0x00007f860a068800 Exception <a 'java/lang/NoSuchMethodError'{0x0000000787043828}: 'java.lang.Object java.lang.invoke.Invokers$Holder.linkToTargetMethod(java.lang.Object, int, java.lang.Object)'> (0x0000000787043828) thrown at [./src/hotspot/share/interpreter/linkResolver.cpp, line 773]
Event: 4.204 Thread 0x00007f860a068800 Exception <a 'java/lang/NoSuchMethodError'{0x0000000786fba4b0}: 'java.lang.Object java.lang.invoke.DirectMethodHandle$Holder.invokeInterface(java.lang.Object, java.lang.Object, java.lang.Object)'> (0x0000000786fba4b0) thrown at [./src/hotspot/share/interpreter/linkResolver.cpp, line 773]
Event: 4.204 Thread 0x00007f860a068800 Exception <a 'java/lang/IncompatibleClassChangeError'{0x0000000786fbd668}: Found class java.lang.Object, but interface was expected> (0x0000000786fbd668) thrown at [./src/hotspot/share/interpreter/linkResolver.cpp, line 839]
Event: 4.528 Thread 0x00007f860a068800 Exception <a 'java/lang/NoSuchMethodError'{0x00000007859f8930}: 'void java.lang.invoke.DirectMethodHandle$Holder.invokeSpecialIFC(java.lang.Object, java.lang.Object, java.lang.Object, java.lang.Object)'> (0x00000007859f8930) thrown at [./src/hotspot/share/interpreter/linkResolver.cpp, line 773]
Event: 4.837 Thread 0x00007f860a068800 Exception <a 'java/lang/NoSuchMethodError'{0x0000000784e3b858}: 'java.lang.Object java.lang.invoke.Invokers$Holder.linkToTargetMethod(java.lang.Object, int, int, java.lang.Object)'> (0x0000000784e3b858) thrown at [./src/hotspot/share/interpreter/linkResolver.cpp, line 773]
Event: 4.960 Thread 0x00007f860a86c800 Exception <a 'java/lang/NoSuchMethodError'{0x0000000784b896a0}: 'int java.lang.invoke.DirectMethodHandle$Holder.invokeStaticInit(java.lang.Object, java.lang.Object)'> (0x0000000784b896a0) thrown at [./src/hotspot/share/interpreter/linkResolver.cpp, line 773]
Event: 5.247 Thread 0x00007f860a068800 Exception <a 'java/lang/NoSuchMethodError'{0x0000000784227970}: 'java.lang.Object java.lang.invoke.DirectMethodHandle$Holder.invokeStatic(java.lang.Object, java.lang.Object, long, int, int, int)'> (0x0000000784227970) thrown at [./src/hotspot/share/interpreter/linkResolver.cpp, line 773]
Event: 5.249 Thread 0x00007f860a068800 Exception <a 'java/lang/NoSuchMethodError'{0x000000078423b5d8}: 'java.lang.Object java.lang.invoke.DirectMethodHandle$Holder.invokeStatic(java.lang.Object, java.lang.Object, int, java.lang.Object, long, int, int, int, int)'> (0x000000078423b5d8) thrown at [./src/hotspot/share/interpreter/linkResolver.cpp, line 773]
Event: 6.157 Thread 0x00007f860a068800 Exception <a 'java/lang/NoSuchMethodError'{0x0000000787f48cb0}: 'long java.lang.invoke.DirectMethodHandle$Holder.invokeStaticInit(java.lang.Object, java.lang.Object, java.lang.Object)'> (0x0000000787f48cb0) thrown at [./src/hotspot/share/interpreter/linkResolver.cpp, line 773]
Event: 6.160 Thread 0x00007f860a068800 Exception <a 'java/lang/NoSuchMethodError'{0x0000000787f5b750}: 'java.lang.Object java.lang.invoke.DirectMethodHandle$Holder.invokeSpecial(java.lang.Object, java.lang.Object, long)'> (0x0000000787f5b750) thrown at [./src/hotspot/share/interpreter/linkResolver.cpp, line 773]
Event: 6.198 Thread 0x00007f860a86c800 Exception <a 'java/lang/NoSuchMethodError'{0x0000000787e0cce8}: 'java.lang.Object java.lang.invoke.DirectMethodHandle$Holder.invokeStaticInit(java.lang.Object, int)'> (0x0000000787e0cce8) thrown at [./src/hotspot/share/interpreter/linkResolver.cpp, line 773]
Event: 9.541 Thread 0x00007f860a068800 Implicit null exception at 0x000000011e11c615 to 0x000000011e11cfb0

Events (20 events):
Event: 11.536 Executing VM operation: G1CollectForAllocation
Event: 11.552 Executing VM operation: G1CollectForAllocation done
Event: 11.620 loading class com/sun/javafx/tk/quantum/QuantumToolkit
Event: 11.620 loading class com/sun/javafx/tk/quantum/QuantumToolkit done
Event: 11.620 loading class com/sun/javafx/tk/quantum/QuantumToolkit
Event: 11.620 loading class com/sun/javafx/tk/quantum/QuantumToolkit done
Event: 11.621 loading class com/sun/javafx/tk/RenderJob
Event: 11.621 loading class com/sun/javafx/tk/RenderJob done
Event: 11.634 Loaded shared library /Users/alessandromaggio/.openjfx/cache/11/libprism_es2.dylib
Event: 11.638 Executing VM operation: RevokeBias
Event: 11.639 Executing VM operation: RevokeBias done
Event: 12.154 Protecting memory [0x0000700004a3f000,0x0000700004a43000] with protection modes 3
Event: 12.154 Thread 0x00007f860ec03800 Thread exited: 0x00007f860ec03800
Event: 12.642 Thread 0x00007f860e465000 Thread added: 0x00007f860e465000
Event: 12.642 Protecting memory [0x0000700004a3f000,0x0000700004a43000] with protection modes 0
Event: 12.760 Executing VM operation: RevokeBias
Event: 12.760 Executing VM operation: RevokeBias done
Event: 14.725 Executing VM operation: G1CollectForAllocation
Event: 14.728 Executing VM operation: G1CollectForAllocation done
Event: 14.772 Executing VM operation: RevokeBias


Dynamic libraries:
0x000000010b8d2000 	/Library/Java/JavaVirtualMachines/temurin-11.jdk/Contents/Home/lib/jli/libjli.dylib
0x00007ff825be4000 	/System/Library/Frameworks/Cocoa.framework/Versions/A/Cocoa
0x00007ff811861000 	/System/Library/Frameworks/AppKit.framework/Versions/C/AppKit
0x00007ff814d6c000 	/System/Library/Frameworks/CoreData.framework/Versions/A/CoreData
0x00007ff80fc6d000 	/System/Library/Frameworks/Foundation.framework/Versions/C/Foundation
0x00007ff819b8d000 	/usr/lib/libSystem.B.dylib
0x00007ff8126ef000 	/System/Library/PrivateFrameworks/UIFoundation.framework/Versions/A/UIFoundation
0x00007ff81faee000 	/System/Library/PrivateFrameworks/RemoteViewServices.framework/Versions/A/RemoteViewServices
0x00007ff817dd8000 	/System/Library/PrivateFrameworks/XCTTargetBootstrap.framework/Versions/A/XCTTargetBootstrap
0x00007ff81b994000 	/System/Library/PrivateFrameworks/InternationalSupport.framework/Versions/A/InternationalSupport
0x00007ff81ba1e000 	/System/Library/PrivateFrameworks/UserActivity.framework/Versions/A/UserActivity
0x00007ff81ad74000 	/usr/lib/libspindump.dylib
0x00007ff81297d000 	/System/Library/Frameworks/UniformTypeIdentifiers.framework/Versions/A/UniformTypeIdentifiers
0x00007ff816501000 	/usr/lib/libapp_launch_measurement.dylib
0x00007ff81573c000 	/System/Library/PrivateFrameworks/CoreAnalytics.framework/Versions/A/CoreAnalytics
0x00007ff816504000 	/System/Library/PrivateFrameworks/CoreAutoLayout.framework/Versions/A/CoreAutoLayout
0x00007ff817732000 	/System/Library/Frameworks/Metal.framework/Versions/A/Metal
0x00007ff81845e000 	/usr/lib/liblangid.dylib
0x00007ff817ddd000 	/System/Library/PrivateFrameworks/CoreSVG.framework/Versions/A/CoreSVG
0x00007ff813d64000 	/System/Library/PrivateFrameworks/SkyLight.framework/Versions/A/SkyLight
0x00007ff814102000 	/System/Library/Frameworks/CoreGraphics.framework/Versions/A/CoreGraphics
0x00007ff8201ae000 	/System/Library/Frameworks/Accelerate.framework/Versions/A/Accelerate
0x00007ff81a7f3000 	/System/Library/PrivateFrameworks/IconServices.framework/Versions/A/IconServices
0x00007ff817717000 	/System/Library/Frameworks/IOSurface.framework/Versions/A/IOSurface
0x00007ff81576a000 	/usr/lib/libDiagnosticMessagesClient.dylib
0x00007ff819aad000 	/usr/lib/libz.1.dylib
0x00007ff823891000 	/System/Library/Frameworks/ApplicationServices.framework/Versions/A/ApplicationServices
0x00007ff817dc4000 	/System/Library/PrivateFrameworks/DFRFoundation.framework/Versions/A/DFRFoundation
0x00007ff811149000 	/usr/lib/libicucore.A.dylib
0x00007ff81c789000 	/System/Library/Frameworks/AudioToolbox.framework/Versions/A/AudioToolbox
0x00007ff81b9a0000 	/System/Library/PrivateFrameworks/DataDetectorsCore.framework/Versions/A/DataDetectorsCore
0x00007ff91792d000 	/System/Library/PrivateFrameworks/TextInput.framework/Versions/A/TextInput
0x00007ff813ce7000 	/usr/lib/libMobileGestalt.dylib
0x00007ff817ad0000 	/System/Library/Frameworks/Carbon.framework/Versions/A/Frameworks/HIToolbox.framework/Versions/A/HIToolbox
0x00007ff815f07000 	/System/Library/Frameworks/QuartzCore.framework/Versions/A/QuartzCore
0x00007ff810df0000 	/System/Library/Frameworks/Security.framework/Versions/A/Security
0x00007ff81fb26000 	/System/Library/Frameworks/Carbon.framework/Versions/A/Frameworks/SpeechRecognition.framework/Versions/A/SpeechRecognition
0x00007ff816261000 	/System/Library/PrivateFrameworks/CoreUI.framework/Versions/A/CoreUI
0x00007ff8106bc000 	/System/Library/Frameworks/CoreAudio.framework/Versions/A/CoreAudio
0x00007ff815859000 	/System/Library/Frameworks/DiskArbitration.framework/Versions/A/DiskArbitration
0x00007ff81b162000 	/System/Library/PrivateFrameworks/MultitouchSupport.framework/Versions/A/MultitouchSupport
0x00007ff813ce6000 	/usr/lib/libenergytrace.dylib
0x00007ff81174d000 	/System/Library/Frameworks/IOKit.framework/Versions/A/IOKit
0x00007ff81ff16000 	/System/Library/Frameworks/CoreServices.framework/Versions/A/CoreServices
0x00007ff81649b000 	/System/Library/PrivateFrameworks/PerformanceAnalysis.framework/Versions/A/PerformanceAnalysis
0x00007ffa26e51000 	/System/Library/Frameworks/OpenGL.framework/Versions/A/OpenGL
0x00007ff8190c7000 	/System/Library/PrivateFrameworks/MobileKeyBag.framework/Versions/A/MobileKeyBag
0x00007ff80ec3d000 	/usr/lib/libobjc.A.dylib
0x00007ff8147cd000 	/System/Library/Frameworks/ColorSync.framework/Versions/A/ColorSync
0x00007ff80edfb000 	/System/Library/Frameworks/CoreFoundation.framework/Versions/A/CoreFoundation
0x00007ff818054000 	/System/Library/Frameworks/CoreImage.framework/Versions/A/CoreImage
0x00007ff8104d4000 	/System/Library/Frameworks/CoreText.framework/Versions/A/CoreText
0x00007ff817e0d000 	/System/Library/Frameworks/ImageIO.framework/Versions/A/ImageIO
0x00007ff819b93000 	/System/Library/PrivateFrameworks/SoftLinking.framework/Versions/A/SoftLinking
0x00007ff81654c000 	/usr/lib/libxml2.2.dylib
0x00007ff80ed07000 	/usr/lib/libc++.1.dylib
0x00007ff819e17000 	/usr/lib/libcompression.dylib
0x00007ff81b8c7000 	/System/Library/PrivateFrameworks/TextureIO.framework/Versions/A/TextureIO
0x00007ff81a505000 	/usr/lib/libate.dylib
0x00007ff819b88000 	/usr/lib/system/libcache.dylib
0x00007ff819b44000 	/usr/lib/system/libcommonCrypto.dylib
0x00007ff819b6d000 	/usr/lib/system/libcompiler_rt.dylib
0x00007ff819b63000 	/usr/lib/system/libcopyfile.dylib
0x00007ff80eb38000 	/usr/lib/system/libcorecrypto.dylib
0x00007ff80ebf6000 	/usr/lib/system/libdispatch.dylib
0x00007ff80edba000 	/usr/lib/system/libdyld.dylib
0x00007ff819b7f000 	/usr/lib/system/libkeymgr.dylib
0x00007ff819b22000 	/usr/lib/system/libmacho.dylib
0x00007ff8191a1000 	/usr/lib/system/libquarantine.dylib
0x00007ff819b7d000 	/usr/lib/system/libremovefile.dylib
0x00007ff813d34000 	/usr/lib/system/libsystem_asl.dylib
0x00007ff80eae1000 	/usr/lib/system/libsystem_blocks.dylib
0x00007ff80ec7e000 	/usr/lib/system/libsystem_c.dylib
0x00007ff819b75000 	/usr/lib/system/libsystem_collections.dylib
0x00007ff81844e000 	/usr/lib/system/libsystem_configuration.dylib
0x00007ff8176fa000 	/usr/lib/system/libsystem_containermanager.dylib
0x00007ff81985b000 	/usr/lib/system/libsystem_coreservices.dylib
0x00007ff8113dd000 	/usr/lib/system/libsystem_darwin.dylib
0x00007ff819b80000 	/usr/lib/system/libsystem_dnssd.dylib
0x00007ff80ec7b000 	/usr/lib/system/libsystem_featureflags.dylib
0x00007ff80edd0000 	/usr/lib/system/libsystem_info.dylib
0x00007ff819ac0000 	/usr/lib/system/libsystem_m.dylib
0x00007ff80ebca000 	/usr/lib/system/libsystem_malloc.dylib
0x00007ff813ccf000 	/usr/lib/system/libsystem_networkextension.dylib
0x00007ff811803000 	/usr/lib/system/libsystem_notify.dylib
0x00007ff81fdeb000 	/usr/lib/system/libsystem_product_info_filter.dylib
0x00007ff818452000 	/usr/lib/system/libsystem_sandbox.dylib
0x00007ff819b7a000 	/usr/lib/system/libsystem_secinit.dylib
0x00007ff80ed76000 	/usr/lib/system/libsystem_kernel.dylib
0x00007ff80edc6000 	/usr/lib/system/libsystem_platform.dylib
0x00007ff80edae000 	/usr/lib/system/libsystem_pthread.dylib
0x00007ff81557c000 	/usr/lib/system/libsystem_symptoms.dylib
0x00007ff80eb1f000 	/usr/lib/system/libsystem_trace.dylib
0x00007ff819b50000 	/usr/lib/system/libunwind.dylib
0x00007ff80eae3000 	/usr/lib/system/libxpc.dylib
0x00007ff80ed60000 	/usr/lib/libc++abi.dylib
0x00007ff819b5b000 	/usr/lib/liboah.dylib
0x00007ff81a2e1000 	/usr/lib/liblzma.5.dylib
0x00007ff80f980000 	/System/Library/Frameworks/SystemConfiguration.framework/Versions/A/SystemConfiguration
0x00007ff819b8f000 	/usr/lib/libfakelink.dylib
0x00007ff813840000 	/System/Library/Frameworks/CFNetwork.framework/Versions/A/CFNetwork
0x00007ff819cd0000 	/usr/lib/libarchive.2.dylib
0x00007ff81845a000 	/System/Library/PrivateFrameworks/AppleSystemInfo.framework/Versions/A/AppleSystemInfo
0x00007ff8191c8000 	/usr/lib/libbsm.0.dylib
0x00007ff812e53000 	/usr/lib/libnetwork.dylib
0x00007ff819b28000 	/usr/lib/system/libkxld.dylib
0x00007ff818df4000 	/System/Library/PrivateFrameworks/IOMobileFramebuffer.framework/Versions/A/IOMobileFramebuffer
0x00007ffb26358000 	/usr/lib/libCoreEntitlements.dylib
0x00007ff81983d000 	/System/Library/PrivateFrameworks/AppleFSCompression.framework/Versions/A/AppleFSCompression
0x00007ff8191b0000 	/usr/lib/libcoretls.dylib
0x00007ff81a2fb000 	/usr/lib/libcoretls_cfhelpers.dylib
0x00007ff819e12000 	/usr/lib/libpam.2.dylib
0x00007ff81519c000 	/usr/lib/libsqlite3.dylib
0x00007ff81a36a000 	/usr/lib/libxar.1.dylib
0x00007ff81984d000 	/usr/lib/libbz2.1.0.dylib
0x00007ff819b94000 	/usr/lib/libpcap.A.dylib
0x00007ff815574000 	/usr/lib/libdns_services.dylib
0x00007ff819de2000 	/usr/lib/libapple_nghttp2.dylib
0x00007ff819bce000 	/usr/lib/libiconv.2.dylib
0x00007ff819b21000 	/usr/lib/libcharset.1.dylib
0x00007ff8164cf000 	/System/Library/Frameworks/CoreServices.framework/Versions/A/Frameworks/FSEvents.framework/Versions/A/FSEvents
0x00007ff8113e7000 	/System/Library/Frameworks/CoreServices.framework/Versions/A/Frameworks/CarbonCore.framework/Versions/A/CarbonCore
0x00007ff8157bd000 	/System/Library/Frameworks/CoreServices.framework/Versions/A/Frameworks/Metadata.framework/Versions/A/Metadata
0x00007ff819860000 	/System/Library/Frameworks/CoreServices.framework/Versions/A/Frameworks/OSServices.framework/Versions/A/OSServices
0x00007ff819d57000 	/System/Library/Frameworks/CoreServices.framework/Versions/A/Frameworks/SearchKit.framework/Versions/A/SearchKit
0x00007ff815507000 	/System/Library/Frameworks/CoreServices.framework/Versions/A/Frameworks/AE.framework/Versions/A/AE
0x00007ff80f2fd000 	/System/Library/Frameworks/CoreServices.framework/Versions/A/Frameworks/LaunchServices.framework/Versions/A/LaunchServices
0x00007ff81a292000 	/System/Library/Frameworks/CoreServices.framework/Versions/A/Frameworks/DictionaryServices.framework/Versions/A/DictionaryServices
0x00007ff8164dc000 	/System/Library/Frameworks/CoreServices.framework/Versions/A/Frameworks/SharedFileList.framework/Versions/A/SharedFileList
0x00007ff8191a4000 	/usr/lib/libCheckFix.dylib
0x00007ff813d4b000 	/System/Library/PrivateFrameworks/TCC.framework/Versions/A/TCC
0x00007ff818460000 	/System/Library/PrivateFrameworks/CoreNLP.framework/Versions/A/CoreNLP
0x00007ff81576d000 	/System/Library/PrivateFrameworks/MetadataUtilities.framework/Versions/A/MetadataUtilities
0x00007ff80fa30000 	/usr/lib/libmecabra.dylib
0x00007ff8191d8000 	/usr/lib/libmecab.dylib
0x00007ff80f9fb000 	/usr/lib/libCRFSuite.dylib
0x00007ff819232000 	/usr/lib/libgermantok.dylib
0x00007ff819dbd000 	/usr/lib/libThaiTokenizer.dylib
0x00007ff815860000 	/System/Library/Frameworks/Accelerate.framework/Versions/A/Frameworks/vImage.framework/Versions/A/vImage
0x00007ff81feed000 	/System/Library/Frameworks/Accelerate.framework/Versions/A/Frameworks/vecLib.framework/Versions/A/vecLib
0x00007ff81a3ab000 	/System/Library/Frameworks/Accelerate.framework/Versions/A/Frameworks/vecLib.framework/Versions/A/libvMisc.dylib
0x00007ff818c1f000 	/System/Library/Frameworks/Accelerate.framework/Versions/A/Frameworks/vecLib.framework/Versions/A/libvDSP.dylib
0x00007ff80f677000 	/System/Library/Frameworks/Accelerate.framework/Versions/A/Frameworks/vecLib.framework/Versions/A/libBLAS.dylib
0x00007ff819ef4000 	/System/Library/Frameworks/Accelerate.framework/Versions/A/Frameworks/vecLib.framework/Versions/A/libLAPACK.dylib
0x00007ff819235000 	/System/Library/Frameworks/Accelerate.framework/Versions/A/Frameworks/vecLib.framework/Versions/A/libLinearAlgebra.dylib
0x00007ff819dfa000 	/System/Library/Frameworks/Accelerate.framework/Versions/A/Frameworks/vecLib.framework/Versions/A/libSparseBLAS.dylib
0x00007ff819eee000 	/System/Library/Frameworks/Accelerate.framework/Versions/A/Frameworks/vecLib.framework/Versions/A/libQuadrature.dylib
0x00007ff81854b000 	/System/Library/Frameworks/Accelerate.framework/Versions/A/Frameworks/vecLib.framework/Versions/A/libBNNS.dylib
0x00007ff80f911000 	/System/Library/Frameworks/Accelerate.framework/Versions/A/Frameworks/vecLib.framework/Versions/A/libSparse.dylib
0x00007ff818544000 	/System/Library/PrivateFrameworks/LinguisticData.framework/Versions/A/LinguisticData
0x00007ff80f8c7000 	/System/Library/PrivateFrameworks/Lexicon.framework/Versions/A/Lexicon
0x00007ff81a3a4000 	/usr/lib/libChineseTokenizer.dylib
0x00007ff810029000 	/System/Library/PrivateFrameworks/LanguageModeling.framework/Versions/A/LanguageModeling
0x00007ff819dbf000 	/System/Library/PrivateFrameworks/AppleSauce.framework/Versions/A/AppleSauce
0x00007ff818de2000 	/System/Library/PrivateFrameworks/CoreEmoji.framework/Versions/A/CoreEmoji
0x00007ff819cbf000 	/usr/lib/libcmph.dylib
0x00007ff8164b3000 	/System/Library/Frameworks/OpenDirectory.framework/Versions/A/Frameworks/CFOpenDirectory.framework/Versions/A/CFOpenDirectory
0x00007ff8164a7000 	/System/Library/Frameworks/OpenDirectory.framework/Versions/A/OpenDirectory
0x00007ff81a2fd000 	/System/Library/PrivateFrameworks/APFS.framework/Versions/A/APFS
0x00007ff8190ff000 	/System/Library/Frameworks/SecurityFoundation.framework/Versions/A/SecurityFoundation
0x00007ff81a378000 	/usr/lib/libutil.dylib
0x00007ff811711000 	/System/Library/PrivateFrameworks/CoreServicesStore.framework/Versions/A/CoreServicesStore
0x00007ff81a37c000 	/usr/lib/libxslt.1.dylib
0x00007ff81918c000 	/System/Library/PrivateFrameworks/BackgroundTaskManagement.framework/Versions/A/BackgroundTaskManagement
0x00007ff81b7e7000 	/System/Library/Frameworks/ImageIO.framework/Versions/A/Resources/libRadiance.dylib
0x00007ff81b7f0000 	/System/Library/Frameworks/ImageIO.framework/Versions/A/Resources/libJPEG.dylib
0x00007ff81b741000 	/System/Library/Frameworks/ImageIO.framework/Versions/A/Resources/libPng.dylib
0x00007ff81b762000 	/System/Library/Frameworks/ImageIO.framework/Versions/A/Resources/libTIFF.dylib
0x00007ff81b850000 	/System/Library/Frameworks/ImageIO.framework/Versions/A/Resources/libGIF.dylib
0x00007ff81b07c000 	/System/Library/Frameworks/ImageIO.framework/Versions/A/Resources/libJP2.dylib
0x00007ff81a7ba000 	/usr/lib/libexpat.1.dylib
0x00007ff81b031000 	/System/Library/PrivateFrameworks/AppleJPEG.framework/Versions/A/AppleJPEG
0x00007ff817994000 	/System/Library/PrivateFrameworks/FontServices.framework/libFontParser.dylib
0x00007ff8154b1000 	/System/Library/PrivateFrameworks/RunningBoardServices.framework/Versions/A/RunningBoardServices
0x00007ff82619c000 	/System/Library/PrivateFrameworks/IOSurfaceAccelerator.framework/Versions/A/IOSurfaceAccelerator
0x00007ff81b15e000 	/System/Library/PrivateFrameworks/WatchdogClient.framework/Versions/A/WatchdogClient
0x00007ff810117000 	/System/Library/Frameworks/CoreDisplay.framework/Versions/A/CoreDisplay
0x00007ff817892000 	/System/Library/Frameworks/CoreMedia.framework/Versions/A/CoreMedia
0x00007ff817729000 	/System/Library/PrivateFrameworks/IOAccelerator.framework/Versions/A/IOAccelerator
0x00007ff816630000 	/System/Library/Frameworks/CoreVideo.framework/Versions/A/CoreVideo
0x00007ff819e10000 	/System/Library/Frameworks/MetalPerformanceShaders.framework/Versions/A/MetalPerformanceShaders
0x00007ff81b19b000 	/System/Library/Frameworks/VideoToolbox.framework/Versions/A/VideoToolbox
0x00007ff8153fb000 	/System/Library/PrivateFrameworks/BaseBoard.framework/Versions/A/BaseBoard
0x00007ff815182000 	/System/Library/PrivateFrameworks/ProtocolBuffer.framework/Versions/A/ProtocolBuffer
0x00007ff81b7e0000 	/System/Library/PrivateFrameworks/GPUWrangler.framework/Versions/A/GPUWrangler
0x00007ff81b7c4000 	/System/Library/PrivateFrameworks/IOPresentment.framework/Versions/A/IOPresentment
0x00007ff81b7ea000 	/System/Library/PrivateFrameworks/DSExternalDisplay.framework/Versions/A/DSExternalDisplay
0x00007ffa26e45000 	/System/Library/Frameworks/OpenGL.framework/Versions/A/Libraries/libCoreFSCache.dylib
0x00007ffb13b01000 	/System/Library/PrivateFrameworks/GPUCompiler.framework/Versions/31001/Libraries/libGPUCompilerUtils.dylib
0x00007ff81b855000 	/System/Library/PrivateFrameworks/CMCaptureCore.framework/Versions/A/CMCaptureCore
0x00007ff81ad62000 	/System/Library/PrivateFrameworks/AppServerSupport.framework/Versions/A/AppServerSupport
0x00007ff81d021000 	/System/Library/PrivateFrameworks/perfdata.framework/Versions/A/perfdata
0x00007ff810243000 	/System/Library/PrivateFrameworks/AudioToolboxCore.framework/Versions/A/AudioToolboxCore
0x00007ff817870000 	/System/Library/PrivateFrameworks/caulk.framework/Versions/A/caulk
0x00007ff81c933000 	/usr/lib/libAudioStatistics.dylib
0x00007ff9140db000 	/System/Library/PrivateFrameworks/SystemPolicy.framework/Versions/A/SystemPolicy
0x00007ff81cb8e000 	/usr/lib/libSMC.dylib
0x00007ff825a97000 	/System/Library/Frameworks/CoreMIDI.framework/Versions/A/CoreMIDI
0x00007ff81b710000 	/usr/lib/libAudioToolboxUtility.dylib
0x00007ff91037e000 	/System/Library/PrivateFrameworks/OSAServicesClient.framework/Versions/A/OSAServicesClient
0x00007ff81d02e000 	/usr/lib/libperfcheck.dylib
0x00007ff914b85000 	/usr/lib/libmis.dylib
0x00007ffa26ea0000 	/System/Library/Frameworks/OpenGL.framework/Versions/A/Libraries/libGLU.dylib
0x00007ffa26e64000 	/System/Library/Frameworks/OpenGL.framework/Versions/A/Libraries/libGFXShared.dylib
0x00007ffa2706d000 	/System/Library/Frameworks/OpenGL.framework/Versions/A/Libraries/libGL.dylib
0x00007ffa26e6d000 	/System/Library/Frameworks/OpenGL.framework/Versions/A/Libraries/libGLImage.dylib
0x00007ffa26e61000 	/System/Library/Frameworks/OpenGL.framework/Versions/A/Libraries/libCVMSPluginSupport.dylib
0x00007ffa26e4c000 	/System/Library/Frameworks/OpenGL.framework/Versions/A/Libraries/libCoreVMClient.dylib
0x00007ff8183dc000 	/System/Library/Frameworks/MetalPerformanceShaders.framework/Versions/A/Frameworks/MPSCore.framework/Versions/A/MPSCore
0x00007ff8197a8000 	/System/Library/Frameworks/MetalPerformanceShaders.framework/Versions/A/Frameworks/MPSImage.framework/Versions/A/MPSImage
0x00007ff81924b000 	/System/Library/Frameworks/MetalPerformanceShaders.framework/Versions/A/Frameworks/MPSNeuralNetwork.framework/Versions/A/MPSNeuralNetwork
0x00007ff8196bf000 	/System/Library/Frameworks/MetalPerformanceShaders.framework/Versions/A/Frameworks/MPSMatrix.framework/Versions/A/MPSMatrix
0x00007ff81947a000 	/System/Library/Frameworks/MetalPerformanceShaders.framework/Versions/A/Frameworks/MPSRayIntersector.framework/Versions/A/MPSRayIntersector
0x00007ff8196f7000 	/System/Library/Frameworks/MetalPerformanceShaders.framework/Versions/A/Frameworks/MPSNDArray.framework/Versions/A/MPSNDArray
0x00007ffa2bdcd000 	/System/Library/Frameworks/MetalPerformanceShaders.framework/Versions/A/Frameworks/MPSFunctions.framework/Versions/A/MPSFunctions
0x00007ff80f554000 	/System/Library/PrivateFrameworks/MetalTools.framework/Versions/A/MetalTools
0x00007ff818458000 	/System/Library/PrivateFrameworks/AggregateDictionary.framework/Versions/A/AggregateDictionary
0x00007ff81a59c000 	/usr/lib/libIOReport.dylib
0x00007ffa2847c000 	/System/Library/Frameworks/OpenCL.framework/Versions/A/OpenCL
0x00007ff81a900000 	/System/Library/PrivateFrameworks/FaceCore.framework/Versions/A/FaceCore
0x00007ff81a8f1000 	/System/Library/PrivateFrameworks/GraphVisualizer.framework/Versions/A/GraphVisualizer
0x00007ffb13a0c000 	/System/Library/PrivateFrameworks/FontServices.framework/Versions/A/FontServices
0x00007ff81ad1a000 	/System/Library/PrivateFrameworks/OTSVG.framework/Versions/A/OTSVG
0x00007ff816217000 	/System/Library/Frameworks/ApplicationServices.framework/Versions/A/Frameworks/ATS.framework/Versions/A/Resources/libFontRegistry.dylib
0x00007ff81ad6a000 	/System/Library/PrivateFrameworks/FontServices.framework/libhvf.dylib
0x00007ffb13a0d000 	/System/Library/PrivateFrameworks/FontServices.framework/libXTFontStaticRegistryData.dylib
0x00007ff81a76a000 	/System/Library/PrivateFrameworks/AppleVA.framework/Versions/A/AppleVA
0x00007ff81c953000 	/System/Library/Frameworks/ApplicationServices.framework/Versions/A/Frameworks/ATS.framework/Versions/A/ATS
0x00007ff8148c9000 	/System/Library/Frameworks/ApplicationServices.framework/Versions/A/Frameworks/HIServices.framework/Versions/A/HIServices
0x00007ff81b85f000 	/System/Library/Frameworks/ApplicationServices.framework/Versions/A/Frameworks/PrintCore.framework/Versions/A/PrintCore
0x00007ff81cce1000 	/System/Library/Frameworks/ApplicationServices.framework/Versions/A/Frameworks/QD.framework/Versions/A/QD
0x00007ff81ccd9000 	/System/Library/Frameworks/ApplicationServices.framework/Versions/A/Frameworks/ColorSyncLegacy.framework/Versions/A/ColorSyncLegacy
0x00007ff81c943000 	/System/Library/Frameworks/ApplicationServices.framework/Versions/A/Frameworks/SpeechSynthesis.framework/Versions/A/SpeechSynthesis
0x00007ff81b820000 	/System/Library/Frameworks/ApplicationServices.framework/Versions/A/Frameworks/ATSUI.framework/Versions/A/ATSUI
0x00007ff81cc6e000 	/usr/lib/libcups.2.dylib
0x00007ff81d03d000 	/System/Library/Frameworks/Kerberos.framework/Versions/A/Kerberos
0x00007ff81d04c000 	/System/Library/Frameworks/GSS.framework/Versions/A/GSS
0x00007ff81c9bf000 	/usr/lib/libresolv.9.dylib
0x00007ff81ad79000 	/System/Library/PrivateFrameworks/Heimdal.framework/Versions/A/Heimdal
0x00007ff823c19000 	/System/Library/Frameworks/Kerberos.framework/Versions/A/Libraries/libHeimdalProxy.dylib
0x00007ff815584000 	/System/Library/Frameworks/Network.framework/Versions/A/Network
0x00007ff81a7d4000 	/usr/lib/libheimdal-asn1.dylib
0x00007ff81d097000 	/System/Library/PrivateFrameworks/CommonAuth.framework/Versions/A/CommonAuth
0x00007ff81c8c5000 	/System/Library/PrivateFrameworks/AudioSession.framework/Versions/A/AudioSession
0x00007ff81a864000 	/System/Library/PrivateFrameworks/MediaExperience.framework/Versions/A/MediaExperience
0x00007ff81c758000 	/System/Library/PrivateFrameworks/AudioSession.framework/libSessionUtility.dylib
0x00007ff81cced000 	/System/Library/PrivateFrameworks/AudioResourceArbitration.framework/Versions/A/AudioResourceArbitration
0x00007ff820d60000 	/System/Library/PrivateFrameworks/PowerLog.framework/Versions/A/PowerLog
0x00007ff81a7dd000 	/System/Library/PrivateFrameworks/IconFoundation.framework/Versions/A/IconFoundation
0x00007ff81fb16000 	/System/Library/PrivateFrameworks/SpeechRecognitionCore.framework/Versions/A/SpeechRecognitionCore
0x000000010d05e000 	/Library/Java/JavaVirtualMachines/temurin-11.jdk/Contents/Home/lib/server/libjvm.dylib
0x000000010b901000 	/Library/Java/JavaVirtualMachines/temurin-11.jdk/Contents/Home/lib/libverify.dylib
0x000000010b93e000 	/Library/Java/JavaVirtualMachines/temurin-11.jdk/Contents/Home/lib/libjava.dylib
0x000000010b912000 	/Library/Java/JavaVirtualMachines/temurin-11.jdk/Contents/Home/lib/libjimage.dylib
0x000000010b9a6000 	/Library/Java/JavaVirtualMachines/temurin-11.jdk/Contents/Home/lib/libjdwp.dylib
0x000000010b92e000 	/Library/Java/JavaVirtualMachines/temurin-11.jdk/Contents/Home/lib/libinstrument.dylib
0x000000010b96a000 	/Library/Java/JavaVirtualMachines/temurin-11.jdk/Contents/Home/lib/libzip.dylib
0x000000010b98d000 	/Library/Java/JavaVirtualMachines/temurin-11.jdk/Contents/Home/lib/libdt_socket.dylib
0x000000010c051000 	/Library/Java/JavaVirtualMachines/temurin-11.jdk/Contents/Home/lib/libnio.dylib
0x000000010c07d000 	/Library/Java/JavaVirtualMachines/temurin-11.jdk/Contents/Home/lib/libnet.dylib
0x000000010c03e000 	/Users/alessandromaggio/.openjfx/cache/11/libprism_es2.dylib
0x00007ff8116d3000 	/System/Library/PrivateFrameworks/CoreServicesInternal.framework/Versions/A/CoreServicesInternal
0x00007ffa27078000 	/System/Library/Frameworks/OpenGL.framework/Versions/A/Resources/GLEngine.bundle/GLEngine
0x00007ffa26ede000 	/System/Library/Frameworks/OpenGL.framework/Versions/A/Libraries/libGLProgrammability.dylib
0x00007ffa1f84c000 	/System/Library/Extensions/AppleIntelBDWGraphicsGLDriver.bundle/Contents/MacOS/AppleIntelBDWGraphicsGLDriver
0x00007ff91ecbf000 	/System/Library/PrivateFrameworks/GPUSupport.framework/Versions/A/Libraries/libGPUSupportMercury.dylib
0x00007ffa27202000 	/System/Library/Frameworks/OpenGL.framework/Versions/A/Resources/GLRendererFloat.bundle/GLRendererFloat
0x000000012e467000 	/Users/alessandromaggio/.openjfx/cache/11/libglass.dylib
0x00007ff821351000 	/System/Library/Frameworks/FileProvider.framework/Versions/A/FileProvider
0x00007ff815368000 	/System/Library/Frameworks/Accounts.framework/Versions/A/Accounts
0x00007ff8214ca000 	/System/Library/PrivateFrameworks/GenerationalStorage.framework/Versions/A/GenerationalStorage
0x00007ff821fdd000 	/System/Library/PrivateFrameworks/CoreSymbolication.framework/Versions/A/CoreSymbolication
0x00007ff820d55000 	/System/Library/PrivateFrameworks/SymptomDiagnosticReporter.framework/Versions/A/SymptomDiagnosticReporter
0x00007ff812991000 	/System/Library/PrivateFrameworks/DesktopServicesPriv.framework/Versions/A/DesktopServicesPriv
0x00007ff811812000 	/usr/lib/libsandbox.1.dylib
0x00007ff8166af000 	/System/Library/PrivateFrameworks/UserManagement.framework/Versions/A/UserManagement
0x00007ff821fa2000 	/System/Library/PrivateFrameworks/DebugSymbols.framework/Versions/A/DebugSymbols
0x00007ff81ccce000 	/System/Library/PrivateFrameworks/NetAuth.framework/Versions/A/NetAuth
0x00007ff81dbdb000 	/System/Library/PrivateFrameworks/Sharing.framework/Versions/A/Sharing
0x00007ff816682000 	/System/Library/PrivateFrameworks/login.framework/Versions/A/Frameworks/loginsupport.framework/Versions/A/loginsupport
0x00007ff823140000 	/System/Library/PrivateFrameworks/Apple80211.framework/Versions/A/Apple80211
0x00007ff81988d000 	/System/Library/PrivateFrameworks/AuthKit.framework/Versions/A/AuthKit
0x00007ff818ed8000 	/System/Library/PrivateFrameworks/CoreUtils.framework/Versions/A/CoreUtils
0x00007ff818dff000 	/System/Library/Frameworks/CoreWLAN.framework/Versions/A/CoreWLAN
0x00007ff81dd3a000 	/System/Library/Frameworks/IOBluetooth.framework/Versions/A/IOBluetooth
0x00007ff8231a8000 	/System/Library/PrivateFrameworks/CoreWiFi.framework/Versions/A/CoreWiFi
0x00007ff821b74000 	/System/Library/PrivateFrameworks/FrontBoardServices.framework/Versions/A/FrontBoardServices
0x00007ff821c05000 	/System/Library/PrivateFrameworks/BoardServices.framework/Versions/A/BoardServices
0x00007ff8190ee000 	/System/Library/PrivateFrameworks/AssertionServices.framework/Versions/A/AssertionServices
0x00007ff82332b000 	/System/Library/PrivateFrameworks/BackBoardServices.framework/Versions/A/BackBoardServices
0x00007ff81d128000 	/System/Library/PrivateFrameworks/CorePhoneNumbers.framework/Versions/A/CorePhoneNumbers
0x00007ff820e72000 	/System/Library/PrivateFrameworks/DiskManagement.framework/Versions/A/DiskManagement
0x00007ff820d86000 	/System/Library/PrivateFrameworks/AppleIDAuthSupport.framework/Versions/A/AppleIDAuthSupport
0x00007ffa2e38e000 	/System/Library/PrivateFrameworks/AAAFoundation.framework/Versions/A/AAAFoundation
0x00007ff81d109000 	/System/Library/PrivateFrameworks/KeychainCircle.framework/Versions/A/KeychainCircle
0x00007ff820e3e000 	/System/Library/PrivateFrameworks/MediaKit.framework/Versions/A/MediaKit
0x00007ff820d92000 	/System/Library/Frameworks/DiscRecording.framework/Versions/A/DiscRecording
0x00007ff81a6e2000 	/usr/lib/libCoreStorage.dylib
0x00007ff823619000 	/usr/lib/libcsfde.dylib
0x00007ff81de07000 	/System/Library/PrivateFrameworks/ProtectedCloudStorage.framework/Versions/A/ProtectedCloudStorage
0x00007ff823615000 	/System/Library/PrivateFrameworks/EFILogin.framework/Versions/A/EFILogin
0x00007ff8214f0000 	/System/Library/PrivateFrameworks/OctagonTrust.framework/Versions/A/OctagonTrust
0x00007ffb12c7b000 	/System/Library/PrivateFrameworks/CoreUtilsExtras.framework/Versions/A/CoreUtilsExtras
0x00007ff820cb9000 	/System/Library/Frameworks/CoreBluetooth.framework/Versions/A/CoreBluetooth
0x00007ff823c9e000 	/System/Library/Frameworks/AudioUnit.framework/Versions/A/AudioUnit
0x00007ff81a6da000 	/usr/lib/libMatch.1.dylib
0x00007ff91915e000 	/System/Library/Frameworks/Accelerate.framework/Versions/A/Frameworks/vImage.framework/Versions/A/Libraries/libCGInterfaces.dylib
0x000000012f5ea000 	/usr/lib/libobjc-trampolines.dylib
0x00007ff8163a7000 	/System/Library/PrivateFrameworks/ViewBridge.framework/Versions/A/ViewBridge
0x00007ffb26467000 	/usr/lib/libRosetta.dylib
0x00000001323af000 	/Users/alessandromaggio/.openjfx/cache/11/libjavafx_font.dylib
0x00000001319b8000 	/Library/Java/JavaVirtualMachines/temurin-11.jdk/Contents/Home/lib/libextnet.dylib
0x00007ff81ae30000 	/System/Library/PrivateFrameworks/login.framework/Versions/A/login


VM Arguments:
jvm_args: -agentlib:jdwp=transport=dt_socket,suspend=y,address=localhost:52250 -javaagent:/Applications/Eclipse.app/Contents/Eclipse/configuration/org.eclipse.osgi/215/0/.cp/lib/javaagent-shaded.jar -Dfile.encoding=UTF-8 
java_command: it.polito.tdp.yelp.Main
java_class_path (initial): /Users/alessandromaggio/Desktop/UNI/3 anno/TDP/eclipse-workspace/2021-09-10/target/classes:/Users/alessandromaggio/.m2/repository/org/openjfx/javafx-controls/11/javafx-controls-11.jar:/Users/alessandromaggio/.m2/repository/org/openjfx/javafx-controls/11/javafx-controls-11-mac.jar:/Users/alessandromaggio/.m2/repository/org/openjfx/javafx-graphics/11/javafx-graphics-11.jar:/Users/alessandromaggio/.m2/repository/org/openjfx/javafx-graphics/11/javafx-graphics-11-mac.jar:/Users/alessandromaggio/.m2/repository/org/openjfx/javafx-base/11/javafx-base-11.jar:/Users/alessandromaggio/.m2/repository/org/openjfx/javafx-base/11/javafx-base-11-mac.jar:/Users/alessandromaggio/.m2/repository/org/openjfx/javafx-fxml/11/javafx-fxml-11.jar:/Users/alessandromaggio/.m2/repository/org/openjfx/javafx-fxml/11/javafx-fxml-11-mac.jar:/Users/alessandromaggio/.m2/repository/com/zaxxer/HikariCP/3.4.2/HikariCP-3.4.2.jar:/Users/alessandromaggio/.m2/repository/org/jgrapht/jgrapht-core/1.5.1/jgrapht-core-1.5.1.jar:/Users/alessandromaggio/.m2/repository/org/jheaps/jheaps/0.13/jheaps-0.13.jar:/Users/alessandromaggio/.m2/repository/org/mariadb/jdbc/mariadb-java-client/2.5.4/mariadb-java-client-2.5.4.jar:/Users/alessandromaggio/.m2/repository/org/slf4j/slf4j-api/1.7.30/slf4j-api-1.7.30.jar:/Users/alessandromaggio/.m2/repository/org/slf4j/slf4j-simple/1.7.30/slf4j-simple-1.7.30.jar:/Users/alessandromaggio/.m2/repository/com/javadocmd/simplelatlng/1.3.1/simplelatlng-1.3.1.jar
Launcher Type: SUN_STANDARD

[Global flags]
     intx CICompilerCount                          = 3                                         {product} {ergonomic}
     uint ConcGCThreads                            = 1                                         {product} {ergonomic}
     uint G1ConcRefinementThreads                  = 4                                         {product} {ergonomic}
   size_t G1HeapRegionSize                         = 1048576                                   {product} {ergonomic}
    uintx GCDrainStackTargetSize                   = 64                                        {product} {ergonomic}
   size_t InitialHeapSize                          = 134217728                                 {product} {ergonomic}
   size_t MarkStackSize                            = 4194304                                   {product} {ergonomic}
   size_t MaxHeapSize                              = 2147483648                                {product} {ergonomic}
   size_t MaxNewSize                               = 1287651328                                {product} {ergonomic}
   size_t MinHeapDeltaBytes                        = 1048576                                   {product} {ergonomic}
    uintx NonNMethodCodeHeapSize                   = 5830732                                {pd product} {ergonomic}
    uintx NonProfiledCodeHeapSize                  = 122913754                              {pd product} {ergonomic}
    uintx ProfiledCodeHeapSize                     = 122913754                              {pd product} {ergonomic}
    uintx ReservedCodeCacheSize                    = 251658240                              {pd product} {ergonomic}
     bool SegmentedCodeCache                       = true                                      {product} {ergonomic}
     bool UseCompressedClassPointers               = true                                 {lp64_product} {ergonomic}
     bool UseCompressedOops                        = true                                 {lp64_product} {ergonomic}
     bool UseG1GC                                  = true                                      {product} {ergonomic}

Logging:
Log output configuration:
 #0: stdout all=warning uptime,level,tags
 #1: stderr all=off uptime,level,tags

Environment Variables:
PATH=/usr/bin:/bin:/usr/sbin:/sbin
SHELL=/bin/bash

Signal Handlers:
SIGSEGV: [libjvm.dylib+0x7c69d4], sa_mask[0]=11111111011111110111111111111111, sa_flags=SA_ONSTACK|SA_RESTART|SA_SIGINFO
SIGBUS: [libjvm.dylib+0x7c69d4], sa_mask[0]=11111111011111110111111111111111, sa_flags=SA_RESTART|SA_SIGINFO
SIGFPE: [libjvm.dylib+0x7c69d4], sa_mask[0]=11111111011111110111111111111111, sa_flags=SA_RESTART|SA_SIGINFO
SIGPIPE: [libjvm.dylib+0x62b2ae], sa_mask[0]=11111111011111110111111111111111, sa_flags=SA_RESTART|SA_SIGINFO
SIGXFSZ: [libjvm.dylib+0x62b2ae], sa_mask[0]=11111111011111110111111111111111, sa_flags=SA_RESTART|SA_SIGINFO
SIGILL: [libjvm.dylib+0x7c69d4], sa_mask[0]=11111111011111110111111111111111, sa_flags=SA_RESTART|SA_SIGINFO
SIGUSR2: [libjvm.dylib+0x62b895], sa_mask[0]=00100000000000000000000000000000, sa_flags=SA_RESTART|SA_SIGINFO
SIGHUP: [libjvm.dylib+0x62a477], sa_mask[0]=11111111011111110111111111111111, sa_flags=SA_RESTART|SA_SIGINFO
SIGINT: [libjvm.dylib+0x62a477], sa_mask[0]=11111111011111110111111111111111, sa_flags=SA_RESTART|SA_SIGINFO
SIGTERM: [libjvm.dylib+0x62a477], sa_mask[0]=11111111011111110111111111111111, sa_flags=SA_RESTART|SA_SIGINFO
SIGQUIT: [libjvm.dylib+0x62a477], sa_mask[0]=11111111011111110111111111111111, sa_flags=SA_RESTART|SA_SIGINFO


---------------  S Y S T E M  ---------------

OS:uname:Darwin 21.4.0 Darwin Kernel Version 21.4.0: Fri Mar 18 00:45:05 PDT 2022; root:xnu-8020.101.4~15/RELEASE_X86_64 x86_64
OS uptime: 1 days 23:28 hours
rlimit (soft/hard): STACK 8192k/65532k , CORE 0k/infinity , NPROC 1392/2088 , NOFILE 10240/infinity , AS infinity/infinity , CPU infinity/infinity , DATA infinity/infinity , FSIZE infinity/infinity , MEMLOCK infinity/infinity , RSS infinity/infinity
load average:3.11 2.70 2.37

CPU:total 4 (initial active 4) (2 cores per cpu, 2 threads per core) family 6 model 61 stepping 4 microcode 0x2f, cmov, cx8, fxsr, mmx, sse, sse2, sse3, ssse3, sse4.1, sse4.2, popcnt, avx, avx2, aes, clmul, erms, rtm, 3dnowpref, lzcnt, ht, tsc, tscinvbit, bmi1, bmi2, adx, fma

Memory: 4k page, physical 8388608k(527004k free), swap 1048576k(867072k free)

vm_info: OpenJDK 64-Bit Server VM (11.0.14.1+1) for bsd-amd64 JRE (11.0.14.1+1), built on Feb  8 2022 17:43:13 by "jenkins" with clang 4.2.1 Compatible Apple LLVM 10.0.1 (clang-1001.0.46.4)

END.
